<!DOCTYPE html PUBLIC "-//W3C//DTD XHTML 1.1//EN" "https://www.w3.org/TR/xhtml11/DTD/xhtml11.dtd">
<html xmlns="https://www.w3.org/1999/xhtml">
<head>
<meta http-equiv="content-type" content="text/html; charset=UTF-8"/>
<title>TestNG Report</title>
<style type="text/css">table {margin-bottom:10px;border-collapse:collapse;empty-cells:show}th,td {border:1px solid #009;padding:.25em .5em}th {vertical-align:bottom}td {vertical-align:top}table a {font-weight:bold}.stripe td {background-color: #E6EBF9}.num {text-align:right}.passedodd td {background-color: #3F3}.passedeven td {background-color: #0A0}.skippedodd td {background-color: #DDD}.skippedeven td {background-color: #CCC}.failedodd td,.attn {background-color: #F33}.failedeven td,.stripe .attn {background-color: #D00}.stacktrace {white-space:pre;font-family:monospace}.totop {font-size:85%;text-align:center;border-bottom:2px solid #000}.invisible {display:none}</style>
</head>
<body>
<table>
<tr><th>Test</th><th># Passed</th><th># Skipped</th><th># Retried</th><th># Failed</th><th>Time (ms)</th><th>Included Groups</th><th>Excluded Groups</th></tr>
<tr><th colspan="8">TestHiveApp End-to-End Test Suite</th></tr>
<tr><td><a href="#t0">All Tests</a></td><td class="num">20</td><td class="num">0</td><td class="num">0</td><td class="num attn">11</td><td class="num">524,952</td><td></td><td></td></tr>
</table>
<table id='summary'><thead><tr><th>Class</th><th>Method</th><th>Start</th><th>Time (ms)</th></tr></thead><tbody><tr><th colspan="4">TestHiveApp End-to-End Test Suite</th></tr></tbody><tbody id="t0"><tr><th colspan="4">All Tests &#8212; failed</th></tr><tr class="failedeven"><td rowspan="5">com.testhive.tests.CartTests</td><td><a href="#m0">verifyCartQuantityControls</a></td><td rowspan="1">1751924864515</td><td rowspan="1">4385</td></tr><tr class="failedeven"><td><a href="#m1">verifyEmptyCartMessage</a></td><td rowspan="1">1751924878389</td><td rowspan="1">17601</td></tr><tr class="failedeven"><td><a href="#m2">verifyGrandTotal</a></td><td rowspan="1">1751924905419</td><td rowspan="1">4105</td></tr><tr class="failedeven"><td><a href="#m3">verifyLineItemTotal</a></td><td rowspan="1">1751924933453</td><td rowspan="1">4407</td></tr><tr class="failedeven"><td><a href="#m4">verifyNavigationToCheckout</a></td><td rowspan="1">1751924947510</td><td rowspan="1">15170</td></tr><tr class="failedodd"><td rowspan="1">com.testhive.tests.CheckoutTests</td><td><a href="#m5">verifyBackToHomeClearsCart</a></td><td rowspan="1">1751924974987</td><td rowspan="1">23292</td></tr><tr class="failedeven"><td rowspan="2">com.testhive.tests.LoginTests</td><td><a href="#m6">emptyCredentials</a></td><td rowspan="1">1751924548407</td><td rowspan="1">3602</td></tr><tr class="failedeven"><td><a href="#m7">verifyLogoutFunctionality</a></td><td rowspan="1">1751924623042</td><td rowspan="1">23144</td></tr><tr class="failedodd"><td rowspan="1">com.testhive.tests.ProductDetailTests</td><td><a href="#m8">verifyProductDetails</a></td><td rowspan="1">1751924838885</td><td rowspan="1">15910</td></tr><tr class="failedeven"><td rowspan="2">com.testhive.tests.ProductTests</td><td><a href="#m9">verifyDecreaseQuantity</a></td><td rowspan="1">1751924695561</td><td rowspan="1">15200</td></tr><tr class="failedeven"><td><a href="#m10">verifyIncreaseQuantity</a></td><td rowspan="1">1751924720174</td><td rowspan="1">15126</td></tr><tr><th colspan="4">All Tests &#8212; passed</th></tr><tr class="passedeven"><td rowspan="1">com.testhive.tests.CartTests</td><td><a href="#m11">verifyItemsListedInCart</a></td><td rowspan="1">1751924918896</td><td rowspan="1">4162</td></tr><tr class="passedodd"><td rowspan="3">com.testhive.tests.CheckoutTests</td><td><a href="#m12">verifyNextButtonIsDisabledForIncompleteAddress</a></td><td rowspan="1">1751925010998</td><td rowspan="1">4261</td></tr><tr class="passedodd"><td><a href="#m13">verifyPayNowButtonIsDisabledForIncompletePayment</a></td><td rowspan="1">1751925027816</td><td rowspan="1">6226</td></tr><tr class="passedodd"><td><a href="#m14">verifySuccessfulCheckoutFlow</a></td><td rowspan="1">1751925047021</td><td rowspan="1">7084</td></tr><tr class="passedeven"><td rowspan="5">com.testhive.tests.LoginTests</td><td><a href="#m15">errorMessageDisappearsOnTyping</a></td><td rowspan="1">1751924555501</td><td rowspan="1">23646</td></tr><tr class="passedeven"><td><a href="#m16">invalidPassword</a></td><td rowspan="1">1751924582725</td><td rowspan="1">7858</td></tr><tr class="passedeven"><td><a href="#m17">invalidUsername</a></td><td rowspan="1">1751924594235</td><td rowspan="1">7809</td></tr><tr class="passedeven"><td><a href="#m18">passwordFieldIsMasked</a></td><td rowspan="1">1751924605388</td><td rowspan="1">2738</td></tr><tr class="passedeven"><td><a href="#m19">successfulLogin</a></td><td rowspan="1">1751924611605</td><td rowspan="1">8047</td></tr><tr class="passedodd"><td rowspan="1">com.testhive.tests.ProductDetailTests</td><td><a href="#m20">verifyBackButtonNavigation</a></td><td rowspan="1">1751924825580</td><td rowspan="1">1709</td></tr><tr class="passedeven"><td rowspan="7">com.testhive.tests.ProductTests</td><td><a href="#m21">verifyAddToCartButtonChanges</a></td><td rowspan="1">1751924656956</td><td rowspan="1">2607</td></tr><tr class="passedeven"><td><a href="#m22">verifyCartBadgeUpdates</a></td><td rowspan="1">1751924669115</td><td rowspan="1">17417</td></tr><tr class="passedeven"><td><a href="#m23">verifyNavigationToCart</a></td><td rowspan="1">1751924744538</td><td rowspan="1">2598</td></tr><tr class="passedeven"><td><a href="#m24">verifyNavigationToProductDetail</a></td><td rowspan="1">1751924756264</td><td rowspan="1">2672</td></tr><tr class="passedeven"><td><a href="#m25">verifyNoProductsFoundMessage</a></td><td rowspan="1">1751924767969</td><td rowspan="1">3855</td></tr><tr class="passedeven"><td><a href="#m26">verifyProductListIsDisplayed</a></td><td rowspan="1">1751924781346</td><td rowspan="1">2137</td></tr><tr class="passedeven"><td><a href="#m27">verifySearchFiltersProducts</a></td><td rowspan="1">1751924794237</td><td rowspan="1">19279</td></tr><tr class="passedodd"><td rowspan="3">com.testhive.tests.SplashTests</td><td><a href="#m28">verifyNavigationToLogin</a></td><td rowspan="1">1751924532938</td><td rowspan="1">2773</td></tr><tr class="passedodd"><td><a href="#m29">verifySplashScreenContent</a></td><td rowspan="1">1751924539060</td><td rowspan="1">919</td></tr><tr class="passedodd"><td><a href="#m30">verifySplashScreenIsDisplayed</a></td><td rowspan="1">1751924544333</td><td rowspan="1">627</td></tr></tbody>
</table>
<h2>All Tests</h2><h3 id="m0">com.testhive.tests.CartTests#verifyCartQuantityControls</h3><table class="result"><tr><th>Exception</th></tr><tr><td><div class="stacktrace">java.lang.AssertionError: Grand total did not update after increasing quantity. expected [Total: $16.20] but found [$16.20]
	at com.testhive.tests.CartTests.verifyCartQuantityControls(CartTests.java:59)
	at java.base/java.util.ArrayList.forEach(ArrayList.java:1604)
... Removed 34 stack frames</div></td></tr></table><p class="totop"><a href="#summary">back to summary</a></p>
<h3 id="m1">com.testhive.tests.CartTests#verifyEmptyCartMessage</h3><table class="result"><tr><th>Exception</th></tr><tr><td><div class="stacktrace">java.lang.AssertionError: &apos;Your cart is empty&apos; message was not displayed. expected [true] but found [false]
	at com.testhive.tests.CartTests.verifyEmptyCartMessage(CartTests.java:71)
	at java.base/java.util.ArrayList.forEach(ArrayList.java:1604)
... Removed 32 stack frames</div></td></tr></table><p class="totop"><a href="#summary">back to summary</a></p>
<h3 id="m2">com.testhive.tests.CartTests#verifyGrandTotal</h3><table class="result"><tr><th>Exception</th></tr><tr><td><div class="stacktrace">java.lang.AssertionError: Grand total is incorrect. expected [Total: $13.49] but found [$13.49]
	at com.testhive.tests.CartTests.verifyGrandTotal(CartTests.java:48)
	at java.base/java.util.ArrayList.forEach(ArrayList.java:1604)
... Removed 34 stack frames</div></td></tr></table><p class="totop"><a href="#summary">back to summary</a></p>
<h3 id="m3">com.testhive.tests.CartTests#verifyLineItemTotal</h3><table class="result"><tr><th>Exception</th></tr><tr><td><div class="stacktrace">java.lang.AssertionError: Appium line item total is incorrect. expected [$7.50 x 2 = $15.00] but found [Mobile Testing]
	at com.testhive.tests.CartTests.verifyLineItemTotal(CartTests.java:39)
	at java.base/java.util.ArrayList.forEach(ArrayList.java:1604)
... Removed 34 stack frames</div></td></tr></table><p class="totop"><a href="#summary">back to summary</a></p>
<h3 id="m4">com.testhive.tests.CartTests#verifyNavigationToCheckout</h3><table class="result"><tr><th>Exception</th></tr><tr><td><div class="stacktrace">org.openqa.selenium.NoSuchElementException: An element could not be located on the page using the given search parameters.
For documentation on this error, please visit: https://www.selenium.dev/documentation/webdriver/troubleshooting/errors#no-such-element-exception
Build info: version: &apos;4.23.0&apos;, revision: &apos;4df0a231af&apos;
System info: os.name: &apos;Mac OS X&apos;, os.arch: &apos;aarch64&apos;, os.version: &apos;15.5&apos;, java.version: &apos;24.0.1&apos;
Driver info: io.appium.java_client.android.AndroidDriver
Command: [f040cfd9-8767-4de8-9c63-72470966a740, findElement {value=add-to-cart-button-TestNG, using=accessibility id}]
Capabilities {appium:appActivity: .MainActivity, appium:appPackage: com.testhiveapp, appium:automationName: UiAutomator2, appium:databaseEnabled: false, appium:desired: {appActivity: .MainActivity, appPackage: com.testhiveapp, automationName: UiAutomator2, platformName: ANDROID}, appium:deviceApiLevel: 33, appium:deviceManufacturer: Google, appium:deviceModel: Pixel 4a, appium:deviceName: 11171JEC200939, appium:deviceScreenDensity: 440, appium:deviceScreenSize: 1080x2340, appium:deviceUDID: 11171JEC200939, appium:javascriptEnabled: true, appium:locationContextEnabled: false, appium:networkConnectionEnabled: true, appium:pixelRatio: 2.75, appium:platformVersion: 13, appium:statBarHeight: 136, appium:takesScreenshot: true, appium:viewportRect: {height: 2204, left: 0, top: 136, width: 1080}, appium:warnings: {}, appium:webStorageEnabled: false, platformName: ANDROID}
Session ID: f040cfd9-8767-4de8-9c63-72470966a740
	at org.openqa.selenium.remote.ErrorCodec.decode(ErrorCodec.java:167)
	at org.openqa.selenium.remote.codec.w3c.W3CHttpResponseCodec.decode(W3CHttpResponseCodec.java:138)
	at org.openqa.selenium.remote.codec.w3c.W3CHttpResponseCodec.decode(W3CHttpResponseCodec.java:50)
	at org.openqa.selenium.remote.HttpCommandExecutor.execute(HttpCommandExecutor.java:190)
	at io.appium.java_client.remote.AppiumCommandExecutor.execute(AppiumCommandExecutor.java:237)
	at org.openqa.selenium.remote.RemoteWebDriver.execute(RemoteWebDriver.java:527)
	at org.openqa.selenium.remote.ElementLocation$ElementFinder$2.findElement(ElementLocation.java:165)
	at org.openqa.selenium.remote.ElementLocation.findElement(ElementLocation.java:59)
	at org.openqa.selenium.remote.RemoteWebDriver.findElement(RemoteWebDriver.java:357)
	at org.openqa.selenium.remote.RemoteWebDriver.findElement(RemoteWebDriver.java:351)
	at com.testhive.pages.ProductsPage.clickAddButton(ProductsPage.java:38)
	at com.testhive.tests.CartTests.verifyNavigationToCheckout(CartTests.java:76)
	at java.base/java.util.ArrayList.forEach(ArrayList.java:1604)
... Removed 32 stack frames</div></td></tr></table><p class="totop"><a href="#summary">back to summary</a></p>
<h3 id="m5">com.testhive.tests.CheckoutTests#verifyBackToHomeClearsCart</h3><table class="result"><tr><th>Exception</th></tr><tr><td><div class="stacktrace">java.lang.AssertionError: Cart was not empty after completing an order. expected [true] but found [false]
	at com.testhive.tests.CheckoutTests.verifyBackToHomeClearsCart(CheckoutTests.java:83)
	at java.base/java.util.ArrayList.forEach(ArrayList.java:1604)
... Removed 32 stack frames</div></td></tr></table><p class="totop"><a href="#summary">back to summary</a></p>
<h3 id="m6">com.testhive.tests.LoginTests#emptyCredentials</h3><table class="result"><tr><th>Exception</th></tr><tr><td><div class="stacktrace">java.lang.AssertionError: Error message for empty credentials was not displayed or was incorrect. expected [Invalid username or password] but found [Username is required]
	at com.testhive.tests.LoginTests.emptyCredentials(LoginTests.java:36)
	at java.base/java.util.ArrayList.forEach(ArrayList.java:1604)
... Removed 34 stack frames</div></td></tr></table><p class="totop"><a href="#summary">back to summary</a></p>
<h3 id="m7">com.testhive.tests.LoginTests#verifyLogoutFunctionality</h3><table class="result"><tr><th>Exception</th></tr><tr><td><div class="stacktrace">org.openqa.selenium.TimeoutException: Expected condition failed: waiting for visibility of element located by By.xpath: //android.widget.Button[@text=&apos;Logout&apos;] (tried for 5 second(s) with 500 milliseconds interval)
Build info: version: &apos;4.23.0&apos;, revision: &apos;4df0a231af&apos;
System info: os.name: &apos;Mac OS X&apos;, os.arch: &apos;aarch64&apos;, os.version: &apos;15.5&apos;, java.version: &apos;24.0.1&apos;
Driver info: io.appium.java_client.android.AndroidDriver
Capabilities {appium:appActivity: .MainActivity, appium:appPackage: com.testhiveapp, appium:automationName: UiAutomator2, appium:databaseEnabled: false, appium:desired: {appActivity: .MainActivity, appPackage: com.testhiveapp, automationName: UiAutomator2, platformName: ANDROID}, appium:deviceApiLevel: 33, appium:deviceManufacturer: Google, appium:deviceModel: Pixel 4a, appium:deviceName: 11171JEC200939, appium:deviceScreenDensity: 440, appium:deviceScreenSize: 1080x2340, appium:deviceUDID: 11171JEC200939, appium:javascriptEnabled: true, appium:locationContextEnabled: false, appium:networkConnectionEnabled: true, appium:pixelRatio: 2.75, appium:platformVersion: 13, appium:statBarHeight: 136, appium:takesScreenshot: true, appium:viewportRect: {height: 2204, left: 0, top: 136, width: 1080}, appium:warnings: {}, appium:webStorageEnabled: false, platformName: ANDROID}
Session ID: d9b8e1e9-b2b0-4aa5-82b6-5972c200b210
	at org.openqa.selenium.support.ui.WebDriverWait.timeoutException(WebDriverWait.java:84)
	at org.openqa.selenium.support.ui.FluentWait.until(FluentWait.java:228)
	at com.testhive.pages.ProductsPage.logout(ProductsPage.java:127)
	at com.testhive.tests.LoginTests.verifyLogoutFunctionality(LoginTests.java:66)
	at java.base/java.util.ArrayList.forEach(ArrayList.java:1604)
... Removed 29 stack frames</div></td></tr></table><p class="totop"><a href="#summary">back to summary</a></p>
<h3 id="m8">com.testhive.tests.ProductDetailTests#verifyProductDetails</h3><table class="result"><tr><th>Exception</th></tr><tr><td><div class="stacktrace">java.lang.AssertionError: Product name is incorrect. expected [Maestro] but found [Product name not found.]
	at com.testhive.tests.ProductDetailTests.verifyProductDetails(ProductDetailTests.java:29)
	at java.base/java.util.ArrayList.forEach(ArrayList.java:1604)
... Removed 34 stack frames</div></td></tr></table><p class="totop"><a href="#summary">back to summary</a></p>
<h3 id="m9">com.testhive.tests.ProductTests#verifyDecreaseQuantity</h3><table class="result"><tr><th>Exception</th></tr><tr><td><div class="stacktrace">org.openqa.selenium.NoSuchElementException: An element could not be located on the page using the given search parameters.
For documentation on this error, please visit: https://www.selenium.dev/documentation/webdriver/troubleshooting/errors#no-such-element-exception
Build info: version: &apos;4.23.0&apos;, revision: &apos;4df0a231af&apos;
System info: os.name: &apos;Mac OS X&apos;, os.arch: &apos;aarch64&apos;, os.version: &apos;15.5&apos;, java.version: &apos;24.0.1&apos;
Driver info: io.appium.java_client.android.AndroidDriver
Command: [305f78b6-a6a4-4338-bd3c-1f3addfaaf30, findElement {value=add-to-cart-button-Jest, using=accessibility id}]
Capabilities {appium:appActivity: .MainActivity, appium:appPackage: com.testhiveapp, appium:automationName: UiAutomator2, appium:databaseEnabled: false, appium:desired: {appActivity: .MainActivity, appPackage: com.testhiveapp, automationName: UiAutomator2, platformName: ANDROID}, appium:deviceApiLevel: 33, appium:deviceManufacturer: Google, appium:deviceModel: Pixel 4a, appium:deviceName: 11171JEC200939, appium:deviceScreenDensity: 440, appium:deviceScreenSize: 1080x2340, appium:deviceUDID: 11171JEC200939, appium:javascriptEnabled: true, appium:locationContextEnabled: false, appium:networkConnectionEnabled: true, appium:pixelRatio: 2.75, appium:platformVersion: 13, appium:statBarHeight: 136, appium:takesScreenshot: true, appium:viewportRect: {height: 2204, left: 0, top: 136, width: 1080}, appium:warnings: {}, appium:webStorageEnabled: false, platformName: ANDROID}
Session ID: 305f78b6-a6a4-4338-bd3c-1f3addfaaf30
	at org.openqa.selenium.remote.ErrorCodec.decode(ErrorCodec.java:167)
	at org.openqa.selenium.remote.codec.w3c.W3CHttpResponseCodec.decode(W3CHttpResponseCodec.java:138)
	at org.openqa.selenium.remote.codec.w3c.W3CHttpResponseCodec.decode(W3CHttpResponseCodec.java:50)
	at org.openqa.selenium.remote.HttpCommandExecutor.execute(HttpCommandExecutor.java:190)
	at io.appium.java_client.remote.AppiumCommandExecutor.execute(AppiumCommandExecutor.java:237)
	at org.openqa.selenium.remote.RemoteWebDriver.execute(RemoteWebDriver.java:527)
	at org.openqa.selenium.remote.ElementLocation$ElementFinder$2.findElement(ElementLocation.java:165)
	at org.openqa.selenium.remote.ElementLocation.findElement(ElementLocation.java:59)
	at org.openqa.selenium.remote.RemoteWebDriver.findElement(RemoteWebDriver.java:357)
	at org.openqa.selenium.remote.RemoteWebDriver.findElement(RemoteWebDriver.java:351)
	at com.testhive.pages.ProductsPage.clickAddButton(ProductsPage.java:38)
	at com.testhive.tests.ProductTests.verifyDecreaseQuantity(ProductTests.java:68)
	at java.base/java.util.ArrayList.forEach(ArrayList.java:1604)
... Removed 32 stack frames</div></td></tr></table><p class="totop"><a href="#summary">back to summary</a></p>
<h3 id="m10">com.testhive.tests.ProductTests#verifyIncreaseQuantity</h3><table class="result"><tr><th>Exception</th></tr><tr><td><div class="stacktrace">org.openqa.selenium.NoSuchElementException: An element could not be located on the page using the given search parameters.
For documentation on this error, please visit: https://www.selenium.dev/documentation/webdriver/troubleshooting/errors#no-such-element-exception
Build info: version: &apos;4.23.0&apos;, revision: &apos;4df0a231af&apos;
System info: os.name: &apos;Mac OS X&apos;, os.arch: &apos;aarch64&apos;, os.version: &apos;15.5&apos;, java.version: &apos;24.0.1&apos;
Driver info: io.appium.java_client.android.AndroidDriver
Command: [45c2789e-9d3f-4abd-bcb7-6a4914a28e9c, findElement {value=add-to-cart-button-Playwright, using=accessibility id}]
Capabilities {appium:appActivity: .MainActivity, appium:appPackage: com.testhiveapp, appium:automationName: UiAutomator2, appium:databaseEnabled: false, appium:desired: {appActivity: .MainActivity, appPackage: com.testhiveapp, automationName: UiAutomator2, platformName: ANDROID}, appium:deviceApiLevel: 33, appium:deviceManufacturer: Google, appium:deviceModel: Pixel 4a, appium:deviceName: 11171JEC200939, appium:deviceScreenDensity: 440, appium:deviceScreenSize: 1080x2340, appium:deviceUDID: 11171JEC200939, appium:javascriptEnabled: true, appium:locationContextEnabled: false, appium:networkConnectionEnabled: true, appium:pixelRatio: 2.75, appium:platformVersion: 13, appium:statBarHeight: 136, appium:takesScreenshot: true, appium:viewportRect: {height: 2204, left: 0, top: 136, width: 1080}, appium:warnings: {}, appium:webStorageEnabled: false, platformName: ANDROID}
Session ID: 45c2789e-9d3f-4abd-bcb7-6a4914a28e9c
	at org.openqa.selenium.remote.ErrorCodec.decode(ErrorCodec.java:167)
	at org.openqa.selenium.remote.codec.w3c.W3CHttpResponseCodec.decode(W3CHttpResponseCodec.java:138)
	at org.openqa.selenium.remote.codec.w3c.W3CHttpResponseCodec.decode(W3CHttpResponseCodec.java:50)
	at org.openqa.selenium.remote.HttpCommandExecutor.execute(HttpCommandExecutor.java:190)
	at io.appium.java_client.remote.AppiumCommandExecutor.execute(AppiumCommandExecutor.java:237)
	at org.openqa.selenium.remote.RemoteWebDriver.execute(RemoteWebDriver.java:527)
	at org.openqa.selenium.remote.ElementLocation$ElementFinder$2.findElement(ElementLocation.java:165)
	at org.openqa.selenium.remote.ElementLocation.findElement(ElementLocation.java:59)
	at org.openqa.selenium.remote.RemoteWebDriver.findElement(RemoteWebDriver.java:357)
	at org.openqa.selenium.remote.RemoteWebDriver.findElement(RemoteWebDriver.java:351)
	at com.testhive.pages.ProductsPage.clickAddButton(ProductsPage.java:38)
	at com.testhive.tests.ProductTests.verifyIncreaseQuantity(ProductTests.java:60)
	at java.base/java.util.ArrayList.forEach(ArrayList.java:1604)
... Removed 32 stack frames</div></td></tr></table><p class="totop"><a href="#summary">back to summary</a></p>
<h3 id="m11">com.testhive.tests.CartTests#verifyItemsListedInCart</h3><table class="result"><tr><th class="invisible"/></tr></table><p class="totop"><a href="#summary">back to summary</a></p>
<h3 id="m12">com.testhive.tests.CheckoutTests#verifyNextButtonIsDisabledForIncompleteAddress</h3><table class="result"><tr><th class="invisible"/></tr></table><p class="totop"><a href="#summary">back to summary</a></p>
<h3 id="m13">com.testhive.tests.CheckoutTests#verifyPayNowButtonIsDisabledForIncompletePayment</h3><table class="result"><tr><th class="invisible"/></tr></table><p class="totop"><a href="#summary">back to summary</a></p>
<h3 id="m14">com.testhive.tests.CheckoutTests#verifySuccessfulCheckoutFlow</h3><table class="result"><tr><th class="invisible"/></tr></table><p class="totop"><a href="#summary">back to summary</a></p>
<h3 id="m15">com.testhive.tests.LoginTests#errorMessageDisappearsOnTyping</h3><table class="result"><tr><th class="invisible"/></tr></table><p class="totop"><a href="#summary">back to summary</a></p>
<h3 id="m16">com.testhive.tests.LoginTests#invalidPassword</h3><table class="result"><tr><th class="invisible"/></tr></table><p class="totop"><a href="#summary">back to summary</a></p>
<h3 id="m17">com.testhive.tests.LoginTests#invalidUsername</h3><table class="result"><tr><th class="invisible"/></tr></table><p class="totop"><a href="#summary">back to summary</a></p>
<h3 id="m18">com.testhive.tests.LoginTests#passwordFieldIsMasked</h3><table class="result"><tr><th class="invisible"/></tr></table><p class="totop"><a href="#summary">back to summary</a></p>
<h3 id="m19">com.testhive.tests.LoginTests#successfulLogin</h3><table class="result"><tr><th class="invisible"/></tr></table><p class="totop"><a href="#summary">back to summary</a></p>
<h3 id="m20">com.testhive.tests.ProductDetailTests#verifyBackButtonNavigation</h3><table class="result"><tr><th class="invisible"/></tr></table><p class="totop"><a href="#summary">back to summary</a></p>
<h3 id="m21">com.testhive.tests.ProductTests#verifyAddToCartButtonChanges</h3><table class="result"><tr><th class="invisible"/></tr></table><p class="totop"><a href="#summary">back to summary</a></p>
<h3 id="m22">com.testhive.tests.ProductTests#verifyCartBadgeUpdates</h3><table class="result"><tr><th class="invisible"/></tr></table><p class="totop"><a href="#summary">back to summary</a></p>
<h3 id="m23">com.testhive.tests.ProductTests#verifyNavigationToCart</h3><table class="result"><tr><th class="invisible"/></tr></table><p class="totop"><a href="#summary">back to summary</a></p>
<h3 id="m24">com.testhive.tests.ProductTests#verifyNavigationToProductDetail</h3><table class="result"><tr><th class="invisible"/></tr></table><p class="totop"><a href="#summary">back to summary</a></p>
<h3 id="m25">com.testhive.tests.ProductTests#verifyNoProductsFoundMessage</h3><table class="result"><tr><th class="invisible"/></tr></table><p class="totop"><a href="#summary">back to summary</a></p>
<h3 id="m26">com.testhive.tests.ProductTests#verifyProductListIsDisplayed</h3><table class="result"><tr><th class="invisible"/></tr></table><p class="totop"><a href="#summary">back to summary</a></p>
<h3 id="m27">com.testhive.tests.ProductTests#verifySearchFiltersProducts</h3><table class="result"><tr><th class="invisible"/></tr></table><p class="totop"><a href="#summary">back to summary</a></p>
<h3 id="m28">com.testhive.tests.SplashTests#verifyNavigationToLogin</h3><table class="result"><tr><th class="invisible"/></tr></table><p class="totop"><a href="#summary">back to summary</a></p>
<h3 id="m29">com.testhive.tests.SplashTests#verifySplashScreenContent</h3><table class="result"><tr><th class="invisible"/></tr></table><p class="totop"><a href="#summary">back to summary</a></p>
<h3 id="m30">com.testhive.tests.SplashTests#verifySplashScreenIsDisplayed</h3><table class="result"><tr><th class="invisible"/></tr></table><p class="totop"><a href="#summary">back to summary</a></p>
</body>
</html>
