<!DOCTYPE html>

<html>
  <head>
  <meta charset='utf-8'>
  <title>TestNG reports</title>

    <link type="text/css" href="testng-reports1.css" rel="stylesheet" id="ultra" />
    <link type="text/css" href="testng-reports.css" rel="stylesheet" id="retro" disabled="false"/>
    <script type="text/javascript" src="jquery-3.6.0.min.js"></script>
    <script type="text/javascript" src="testng-reports.js"></script>
    <script type="text/javascript" src="https://www.google.com/jsapi"></script>
    <script type='text/javascript'>
      google.load('visualization', '1', {packages:['table']});
      google.setOnLoadCallback(drawTable);
      var suiteTableInitFunctions = new Array();
      var suiteTableData = new Array();
    </script>
    <!--
      <script type="text/javascript" src="jquery-ui/js/jquery-ui-1.8.16.custom.min.js"></script>
     -->
  </head>

  <body>    <div class="top-banner-root">
      <span class="top-banner-title-font">Test results</span>
      <button id="button" class="button">Switch Retro Theme</button> <!-- button -->
      <br/>
      <span class="top-banner-font-1">1 suite, 11 failed tests</span>
    </div> <!-- top-banner-root -->
    <div class="navigator-root">
      <div class="navigator-suite-header">
        <span>All suites</span>
        <a href="#" title="Collapse/expand all the suites" class="collapse-all-link">
          <img src="collapseall.gif" class="collapse-all-icon">
          </img> <!-- collapse-all-icon -->
        </a> <!-- collapse-all-link -->
      </div> <!-- navigator-suite-header -->
      <div class="suite">
        <div class="rounded-window">
          <div class="suite-header light-rounded-window-top">
            <a href="#" panel-name="suite-TestHiveApp_End_to_End_Test_Suite" class="navigator-link">
              <span class="suite-name border-failed">TestHiveApp End-to-End Test Suite</span>
            </a> <!-- navigator-link -->
          </div> <!-- suite-header light-rounded-window-top -->
          <div class="navigator-suite-content">
            <div class="suite-section-title">
              <span>Info</span>
            </div> <!-- suite-section-title -->
            <div class="suite-section-content">
              <ul>
                <li>
                  <a href="#" panel-name="test-xml-TestHiveApp_End_to_End_Test_Suite" class="navigator-link ">
                    <span>testng.xml</span>
                  </a> <!-- navigator-link  -->
                </li>
                <li>
                  <a href="#" panel-name="testlist-TestHiveApp_End_to_End_Test_Suite" class="navigator-link ">
                    <span class="test-stats">1 test</span>
                  </a> <!-- navigator-link  -->
                </li>
                <li>
                  <a href="#" panel-name="group-TestHiveApp_End_to_End_Test_Suite" class="navigator-link ">
                    <span>0 groups</span>
                  </a> <!-- navigator-link  -->
                </li>
                <li>
                  <a href="#" panel-name="times-TestHiveApp_End_to_End_Test_Suite" class="navigator-link ">
                    <span>Times</span>
                  </a> <!-- navigator-link  -->
                </li>
                <li>
                  <a href="#" panel-name="reporter-TestHiveApp_End_to_End_Test_Suite" class="navigator-link ">
                    <span>Reporter output</span>
                  </a> <!-- navigator-link  -->
                </li>
                <li>
                  <a href="#" panel-name="ignored-methods-TestHiveApp_End_to_End_Test_Suite" class="navigator-link ">
                    <span>Ignored methods</span>
                  </a> <!-- navigator-link  -->
                </li>
                <li>
                  <a href="#" panel-name="chronological-TestHiveApp_End_to_End_Test_Suite" class="navigator-link ">
                    <span>Chronological view</span>
                  </a> <!-- navigator-link  -->
                </li>
              </ul>
            </div> <!-- suite-section-content -->
            <div class="result-section">
              <div class="suite-section-title">
                <span>Results</span>
              </div> <!-- suite-section-title -->
              <div class="suite-section-content">
                <ul>
                  <li>
                    <span class="method-stats">31 methods, 11 failed,   20 passed</span>
                  </li>
                  <li>
                    <span class="method-list-title failed">Failed methods</span>
                    <span class="show-or-hide-methods failed">
                      <a href="#" panel-name="suite-TestHiveApp_End_to_End_Test_Suite" class="hide-methods failed suite-TestHiveApp_End_to_End_Test_Suite"> (hide)</a> <!-- hide-methods failed suite-TestHiveApp_End_to_End_Test_Suite -->
                      <a href="#" panel-name="suite-TestHiveApp_End_to_End_Test_Suite" class="show-methods failed suite-TestHiveApp_End_to_End_Test_Suite"> (show)</a> <!-- show-methods failed suite-TestHiveApp_End_to_End_Test_Suite -->
                    </span>
                    <div class="method-list-content failed suite-TestHiveApp_End_to_End_Test_Suite">
                      <span>
                        <img src="failed.png" width="3%"/>
                        <a href="#" panel-name="suite-TestHiveApp_End_to_End_Test_Suite" title="com.testhive.tests.LoginTests" class="method navigator-link" hash-for-method="emptyCredentials">emptyCredentials</a> <!-- method navigator-link -->
                      </span>
                      <br/>
                      <span>
                        <img src="failed.png" width="3%"/>
                        <a href="#" panel-name="suite-TestHiveApp_End_to_End_Test_Suite" title="com.testhive.tests.CheckoutTests" class="method navigator-link" hash-for-method="verifyBackToHomeClearsCart">verifyBackToHomeClearsCart</a> <!-- method navigator-link -->
                      </span>
                      <br/>
                      <span>
                        <img src="failed.png" width="3%"/>
                        <a href="#" panel-name="suite-TestHiveApp_End_to_End_Test_Suite" title="com.testhive.tests.CartTests" class="method navigator-link" hash-for-method="verifyCartQuantityControls">verifyCartQuantityControls</a> <!-- method navigator-link -->
                      </span>
                      <br/>
                      <span>
                        <img src="failed.png" width="3%"/>
                        <a href="#" panel-name="suite-TestHiveApp_End_to_End_Test_Suite" title="com.testhive.tests.ProductTests" class="method navigator-link" hash-for-method="verifyDecreaseQuantity">verifyDecreaseQuantity</a> <!-- method navigator-link -->
                      </span>
                      <br/>
                      <span>
                        <img src="failed.png" width="3%"/>
                        <a href="#" panel-name="suite-TestHiveApp_End_to_End_Test_Suite" title="com.testhive.tests.CartTests" class="method navigator-link" hash-for-method="verifyEmptyCartMessage">verifyEmptyCartMessage</a> <!-- method navigator-link -->
                      </span>
                      <br/>
                      <span>
                        <img src="failed.png" width="3%"/>
                        <a href="#" panel-name="suite-TestHiveApp_End_to_End_Test_Suite" title="com.testhive.tests.CartTests" class="method navigator-link" hash-for-method="verifyGrandTotal">verifyGrandTotal</a> <!-- method navigator-link -->
                      </span>
                      <br/>
                      <span>
                        <img src="failed.png" width="3%"/>
                        <a href="#" panel-name="suite-TestHiveApp_End_to_End_Test_Suite" title="com.testhive.tests.ProductTests" class="method navigator-link" hash-for-method="verifyIncreaseQuantity">verifyIncreaseQuantity</a> <!-- method navigator-link -->
                      </span>
                      <br/>
                      <span>
                        <img src="failed.png" width="3%"/>
                        <a href="#" panel-name="suite-TestHiveApp_End_to_End_Test_Suite" title="com.testhive.tests.CartTests" class="method navigator-link" hash-for-method="verifyLineItemTotal">verifyLineItemTotal</a> <!-- method navigator-link -->
                      </span>
                      <br/>
                      <span>
                        <img src="failed.png" width="3%"/>
                        <a href="#" panel-name="suite-TestHiveApp_End_to_End_Test_Suite" title="com.testhive.tests.LoginTests" class="method navigator-link" hash-for-method="verifyLogoutFunctionality">verifyLogoutFunctionality</a> <!-- method navigator-link -->
                      </span>
                      <br/>
                      <span>
                        <img src="failed.png" width="3%"/>
                        <a href="#" panel-name="suite-TestHiveApp_End_to_End_Test_Suite" title="com.testhive.tests.CartTests" class="method navigator-link" hash-for-method="verifyNavigationToCheckout">verifyNavigationToCheckout</a> <!-- method navigator-link -->
                      </span>
                      <br/>
                      <span>
                        <img src="failed.png" width="3%"/>
                        <a href="#" panel-name="suite-TestHiveApp_End_to_End_Test_Suite" title="com.testhive.tests.ProductDetailTests" class="method navigator-link" hash-for-method="verifyProductDetails">verifyProductDetails</a> <!-- method navigator-link -->
                      </span>
                      <br/>
                    </div> <!-- method-list-content failed suite-TestHiveApp_End_to_End_Test_Suite -->
                  </li>
                  <li>
                    <span class="method-list-title passed">Passed methods</span>
                    <span class="show-or-hide-methods passed">
                      <a href="#" panel-name="suite-TestHiveApp_End_to_End_Test_Suite" class="hide-methods passed suite-TestHiveApp_End_to_End_Test_Suite"> (hide)</a> <!-- hide-methods passed suite-TestHiveApp_End_to_End_Test_Suite -->
                      <a href="#" panel-name="suite-TestHiveApp_End_to_End_Test_Suite" class="show-methods passed suite-TestHiveApp_End_to_End_Test_Suite"> (show)</a> <!-- show-methods passed suite-TestHiveApp_End_to_End_Test_Suite -->
                    </span>
                    <div class="method-list-content passed suite-TestHiveApp_End_to_End_Test_Suite">
                      <span>
                        <img src="passed.png" width="3%"/>
                        <a href="#" panel-name="suite-TestHiveApp_End_to_End_Test_Suite" title="com.testhive.tests.LoginTests" class="method navigator-link" hash-for-method="errorMessageDisappearsOnTyping">errorMessageDisappearsOnTyping</a> <!-- method navigator-link -->
                      </span>
                      <br/>
                      <span>
                        <img src="passed.png" width="3%"/>
                        <a href="#" panel-name="suite-TestHiveApp_End_to_End_Test_Suite" title="com.testhive.tests.LoginTests" class="method navigator-link" hash-for-method="invalidPassword">invalidPassword</a> <!-- method navigator-link -->
                      </span>
                      <br/>
                      <span>
                        <img src="passed.png" width="3%"/>
                        <a href="#" panel-name="suite-TestHiveApp_End_to_End_Test_Suite" title="com.testhive.tests.LoginTests" class="method navigator-link" hash-for-method="invalidUsername">invalidUsername</a> <!-- method navigator-link -->
                      </span>
                      <br/>
                      <span>
                        <img src="passed.png" width="3%"/>
                        <a href="#" panel-name="suite-TestHiveApp_End_to_End_Test_Suite" title="com.testhive.tests.LoginTests" class="method navigator-link" hash-for-method="passwordFieldIsMasked">passwordFieldIsMasked</a> <!-- method navigator-link -->
                      </span>
                      <br/>
                      <span>
                        <img src="passed.png" width="3%"/>
                        <a href="#" panel-name="suite-TestHiveApp_End_to_End_Test_Suite" title="com.testhive.tests.LoginTests" class="method navigator-link" hash-for-method="successfulLogin">successfulLogin</a> <!-- method navigator-link -->
                      </span>
                      <br/>
                      <span>
                        <img src="passed.png" width="3%"/>
                        <a href="#" panel-name="suite-TestHiveApp_End_to_End_Test_Suite" title="com.testhive.tests.ProductTests" class="method navigator-link" hash-for-method="verifyAddToCartButtonChanges">verifyAddToCartButtonChanges</a> <!-- method navigator-link -->
                      </span>
                      <br/>
                      <span>
                        <img src="passed.png" width="3%"/>
                        <a href="#" panel-name="suite-TestHiveApp_End_to_End_Test_Suite" title="com.testhive.tests.ProductDetailTests" class="method navigator-link" hash-for-method="verifyBackButtonNavigation">verifyBackButtonNavigation</a> <!-- method navigator-link -->
                      </span>
                      <br/>
                      <span>
                        <img src="passed.png" width="3%"/>
                        <a href="#" panel-name="suite-TestHiveApp_End_to_End_Test_Suite" title="com.testhive.tests.ProductTests" class="method navigator-link" hash-for-method="verifyCartBadgeUpdates">verifyCartBadgeUpdates</a> <!-- method navigator-link -->
                      </span>
                      <br/>
                      <span>
                        <img src="passed.png" width="3%"/>
                        <a href="#" panel-name="suite-TestHiveApp_End_to_End_Test_Suite" title="com.testhive.tests.CartTests" class="method navigator-link" hash-for-method="verifyItemsListedInCart">verifyItemsListedInCart</a> <!-- method navigator-link -->
                      </span>
                      <br/>
                      <span>
                        <img src="passed.png" width="3%"/>
                        <a href="#" panel-name="suite-TestHiveApp_End_to_End_Test_Suite" title="com.testhive.tests.ProductTests" class="method navigator-link" hash-for-method="verifyNavigationToCart">verifyNavigationToCart</a> <!-- method navigator-link -->
                      </span>
                      <br/>
                      <span>
                        <img src="passed.png" width="3%"/>
                        <a href="#" panel-name="suite-TestHiveApp_End_to_End_Test_Suite" title="com.testhive.tests.SplashTests" class="method navigator-link" hash-for-method="verifyNavigationToLogin">verifyNavigationToLogin</a> <!-- method navigator-link -->
                      </span>
                      <br/>
                      <span>
                        <img src="passed.png" width="3%"/>
                        <a href="#" panel-name="suite-TestHiveApp_End_to_End_Test_Suite" title="com.testhive.tests.ProductTests" class="method navigator-link" hash-for-method="verifyNavigationToProductDetail">verifyNavigationToProductDetail</a> <!-- method navigator-link -->
                      </span>
                      <br/>
                      <span>
                        <img src="passed.png" width="3%"/>
                        <a href="#" panel-name="suite-TestHiveApp_End_to_End_Test_Suite" title="com.testhive.tests.CheckoutTests" class="method navigator-link" hash-for-method="verifyNextButtonIsDisabledForIncompleteAddress">verifyNextButtonIsDisabledForIncompleteAddress</a> <!-- method navigator-link -->
                      </span>
                      <br/>
                      <span>
                        <img src="passed.png" width="3%"/>
                        <a href="#" panel-name="suite-TestHiveApp_End_to_End_Test_Suite" title="com.testhive.tests.ProductTests" class="method navigator-link" hash-for-method="verifyNoProductsFoundMessage">verifyNoProductsFoundMessage</a> <!-- method navigator-link -->
                      </span>
                      <br/>
                      <span>
                        <img src="passed.png" width="3%"/>
                        <a href="#" panel-name="suite-TestHiveApp_End_to_End_Test_Suite" title="com.testhive.tests.CheckoutTests" class="method navigator-link" hash-for-method="verifyPayNowButtonIsDisabledForIncompletePayment">verifyPayNowButtonIsDisabledForIncompletePayment</a> <!-- method navigator-link -->
                      </span>
                      <br/>
                      <span>
                        <img src="passed.png" width="3%"/>
                        <a href="#" panel-name="suite-TestHiveApp_End_to_End_Test_Suite" title="com.testhive.tests.ProductTests" class="method navigator-link" hash-for-method="verifyProductListIsDisplayed">verifyProductListIsDisplayed</a> <!-- method navigator-link -->
                      </span>
                      <br/>
                      <span>
                        <img src="passed.png" width="3%"/>
                        <a href="#" panel-name="suite-TestHiveApp_End_to_End_Test_Suite" title="com.testhive.tests.ProductTests" class="method navigator-link" hash-for-method="verifySearchFiltersProducts">verifySearchFiltersProducts</a> <!-- method navigator-link -->
                      </span>
                      <br/>
                      <span>
                        <img src="passed.png" width="3%"/>
                        <a href="#" panel-name="suite-TestHiveApp_End_to_End_Test_Suite" title="com.testhive.tests.SplashTests" class="method navigator-link" hash-for-method="verifySplashScreenContent">verifySplashScreenContent</a> <!-- method navigator-link -->
                      </span>
                      <br/>
                      <span>
                        <img src="passed.png" width="3%"/>
                        <a href="#" panel-name="suite-TestHiveApp_End_to_End_Test_Suite" title="com.testhive.tests.SplashTests" class="method navigator-link" hash-for-method="verifySplashScreenIsDisplayed">verifySplashScreenIsDisplayed</a> <!-- method navigator-link -->
                      </span>
                      <br/>
                      <span>
                        <img src="passed.png" width="3%"/>
                        <a href="#" panel-name="suite-TestHiveApp_End_to_End_Test_Suite" title="com.testhive.tests.CheckoutTests" class="method navigator-link" hash-for-method="verifySuccessfulCheckoutFlow">verifySuccessfulCheckoutFlow</a> <!-- method navigator-link -->
                      </span>
                      <br/>
                    </div> <!-- method-list-content passed suite-TestHiveApp_End_to_End_Test_Suite -->
                  </li>
                </ul>
              </div> <!-- suite-section-content -->
            </div> <!-- result-section -->
          </div> <!-- navigator-suite-content -->
        </div> <!-- rounded-window -->
      </div> <!-- suite -->
    </div> <!-- navigator-root -->
    <div class="wrapper">
      <div class="main-panel-root">
        <div panel-name="suite-TestHiveApp_End_to_End_Test_Suite" class="panel TestHiveApp_End_to_End_Test_Suite">
          <div class="suite-TestHiveApp_End_to_End_Test_Suite-class-failed">
            <div class="main-panel-header rounded-window-top">
              <img src="failed.png"/>
              <span class="class-name">com.testhive.tests.LoginTests</span>
            </div> <!-- main-panel-header rounded-window-top -->
            <div class="main-panel-content rounded-window-bottom">
              <div class="method">
                <div class="method-content">
                  <a name="emptyCredentials">
                  </a> <!-- emptyCredentials -->
                  <span class="method-name">emptyCredentials</span>
                  <div class="stack-trace">java.lang.AssertionError: Error message for empty credentials was not displayed or was incorrect. expected [Invalid username or password] but found [Username is required]
	at com.testhive.tests.LoginTests.emptyCredentials(LoginTests.java:36)
	at java.base/java.util.ArrayList.forEach(ArrayList.java:1604)
... Removed 34 stack frames
</div> <!-- stack-trace -->
                  <em>
(TC-LOGIN-05: Verify error with empty credentials.)                  </em>
                </div> <!-- method-content -->
              </div> <!-- method -->
              <div class="method">
                <div class="method-content">
                  <a name="verifyLogoutFunctionality">
                  </a> <!-- verifyLogoutFunctionality -->
                  <span class="method-name">verifyLogoutFunctionality</span>
                  <div class="stack-trace">org.openqa.selenium.TimeoutException: Expected condition failed: waiting for visibility of element located by By.xpath: //android.widget.Button[@text=&apos;Logout&apos;] (tried for 5 second(s) with 500 milliseconds interval)
Build info: version: &apos;4.23.0&apos;, revision: &apos;4df0a231af&apos;
System info: os.name: &apos;Mac OS X&apos;, os.arch: &apos;aarch64&apos;, os.version: &apos;15.5&apos;, java.version: &apos;24.0.1&apos;
Driver info: io.appium.java_client.android.AndroidDriver
Capabilities {appium:appActivity: .MainActivity, appium:appPackage: com.testhiveapp, appium:automationName: UiAutomator2, appium:databaseEnabled: false, appium:desired: {appActivity: .MainActivity, appPackage: com.testhiveapp, automationName: UiAutomator2, platformName: ANDROID}, appium:deviceApiLevel: 33, appium:deviceManufacturer: Google, appium:deviceModel: Pixel 4a, appium:deviceName: 11171JEC200939, appium:deviceScreenDensity: 440, appium:deviceScreenSize: 1080x2340, appium:deviceUDID: 11171JEC200939, appium:javascriptEnabled: true, appium:locationContextEnabled: false, appium:networkConnectionEnabled: true, appium:pixelRatio: 2.75, appium:platformVersion: 13, appium:statBarHeight: 136, appium:takesScreenshot: true, appium:viewportRect: {height: 2204, left: 0, top: 136, width: 1080}, appium:warnings: {}, appium:webStorageEnabled: false, platformName: ANDROID}
Session ID: d9b8e1e9-b2b0-4aa5-82b6-5972c200b210
	at org.openqa.selenium.support.ui.WebDriverWait.timeoutException(WebDriverWait.java:84)
	at org.openqa.selenium.support.ui.FluentWait.until(FluentWait.java:228)
	at com.testhive.pages.ProductsPage.logout(ProductsPage.java:127)
	at com.testhive.tests.LoginTests.verifyLogoutFunctionality(LoginTests.java:66)
	at java.base/java.util.ArrayList.forEach(ArrayList.java:1604)
... Removed 29 stack frames
</div> <!-- stack-trace -->
                  <em>
(TC-GEN-01: Verify that the logout functionality works correctly.)                  </em>
                </div> <!-- method-content -->
              </div> <!-- method -->
            </div> <!-- main-panel-content rounded-window-bottom -->
          </div> <!-- suite-TestHiveApp_End_to_End_Test_Suite-class-failed -->
          <div class="suite-TestHiveApp_End_to_End_Test_Suite-class-failed">
            <div class="main-panel-header rounded-window-top">
              <img src="failed.png"/>
              <span class="class-name">com.testhive.tests.CheckoutTests</span>
            </div> <!-- main-panel-header rounded-window-top -->
            <div class="main-panel-content rounded-window-bottom">
              <div class="method">
                <div class="method-content">
                  <a name="verifyBackToHomeClearsCart">
                  </a> <!-- verifyBackToHomeClearsCart -->
                  <span class="method-name">verifyBackToHomeClearsCart</span>
                  <div class="stack-trace">java.lang.AssertionError: Cart was not empty after completing an order. expected [true] but found [false]
	at com.testhive.tests.CheckoutTests.verifyBackToHomeClearsCart(CheckoutTests.java:83)
	at java.base/java.util.ArrayList.forEach(ArrayList.java:1604)
... Removed 32 stack frames
</div> <!-- stack-trace -->
                  <em>
(TC-CHECKOUT-06: Verify 'Back to Products' clears cart and navigates home.)                  </em>
                </div> <!-- method-content -->
              </div> <!-- method -->
            </div> <!-- main-panel-content rounded-window-bottom -->
          </div> <!-- suite-TestHiveApp_End_to_End_Test_Suite-class-failed -->
          <div class="suite-TestHiveApp_End_to_End_Test_Suite-class-failed">
            <div class="main-panel-header rounded-window-top">
              <img src="failed.png"/>
              <span class="class-name">com.testhive.tests.ProductDetailTests</span>
            </div> <!-- main-panel-header rounded-window-top -->
            <div class="main-panel-content rounded-window-bottom">
              <div class="method">
                <div class="method-content">
                  <a name="verifyProductDetails">
                  </a> <!-- verifyProductDetails -->
                  <span class="method-name">verifyProductDetails</span>
                  <div class="stack-trace">java.lang.AssertionError: Product name is incorrect. expected [Maestro] but found [Product name not found.]
	at com.testhive.tests.ProductDetailTests.verifyProductDetails(ProductDetailTests.java:29)
	at java.base/java.util.ArrayList.forEach(ArrayList.java:1604)
... Removed 34 stack frames
</div> <!-- stack-trace -->
                  <em>
(TC-DETAIL-01: Verify that the correct product name, description, and price are displayed.)                  </em>
                </div> <!-- method-content -->
              </div> <!-- method -->
            </div> <!-- main-panel-content rounded-window-bottom -->
          </div> <!-- suite-TestHiveApp_End_to_End_Test_Suite-class-failed -->
          <div class="suite-TestHiveApp_End_to_End_Test_Suite-class-failed">
            <div class="main-panel-header rounded-window-top">
              <img src="failed.png"/>
              <span class="class-name">com.testhive.tests.ProductTests</span>
            </div> <!-- main-panel-header rounded-window-top -->
            <div class="main-panel-content rounded-window-bottom">
              <div class="method">
                <div class="method-content">
                  <a name="verifyDecreaseQuantity">
                  </a> <!-- verifyDecreaseQuantity -->
                  <span class="method-name">verifyDecreaseQuantity</span>
                  <div class="stack-trace">org.openqa.selenium.NoSuchElementException: An element could not be located on the page using the given search parameters.
For documentation on this error, please visit: https://www.selenium.dev/documentation/webdriver/troubleshooting/errors#no-such-element-exception
Build info: version: &apos;4.23.0&apos;, revision: &apos;4df0a231af&apos;
System info: os.name: &apos;Mac OS X&apos;, os.arch: &apos;aarch64&apos;, os.version: &apos;15.5&apos;, java.version: &apos;24.0.1&apos;
Driver info: io.appium.java_client.android.AndroidDriver
Command: [305f78b6-a6a4-4338-bd3c-1f3addfaaf30, findElement {value=add-to-cart-button-Jest, using=accessibility id}]
Capabilities {appium:appActivity: .MainActivity, appium:appPackage: com.testhiveapp, appium:automationName: UiAutomator2, appium:databaseEnabled: false, appium:desired: {appActivity: .MainActivity, appPackage: com.testhiveapp, automationName: UiAutomator2, platformName: ANDROID}, appium:deviceApiLevel: 33, appium:deviceManufacturer: Google, appium:deviceModel: Pixel 4a, appium:deviceName: 11171JEC200939, appium:deviceScreenDensity: 440, appium:deviceScreenSize: 1080x2340, appium:deviceUDID: 11171JEC200939, appium:javascriptEnabled: true, appium:locationContextEnabled: false, appium:networkConnectionEnabled: true, appium:pixelRatio: 2.75, appium:platformVersion: 13, appium:statBarHeight: 136, appium:takesScreenshot: true, appium:viewportRect: {height: 2204, left: 0, top: 136, width: 1080}, appium:warnings: {}, appium:webStorageEnabled: false, platformName: ANDROID}
Session ID: 305f78b6-a6a4-4338-bd3c-1f3addfaaf30
	at org.openqa.selenium.remote.ErrorCodec.decode(ErrorCodec.java:167)
	at org.openqa.selenium.remote.codec.w3c.W3CHttpResponseCodec.decode(W3CHttpResponseCodec.java:138)
	at org.openqa.selenium.remote.codec.w3c.W3CHttpResponseCodec.decode(W3CHttpResponseCodec.java:50)
	at org.openqa.selenium.remote.HttpCommandExecutor.execute(HttpCommandExecutor.java:190)
	at io.appium.java_client.remote.AppiumCommandExecutor.execute(AppiumCommandExecutor.java:237)
	at org.openqa.selenium.remote.RemoteWebDriver.execute(RemoteWebDriver.java:527)
	at org.openqa.selenium.remote.ElementLocation$ElementFinder$2.findElement(ElementLocation.java:165)
	at org.openqa.selenium.remote.ElementLocation.findElement(ElementLocation.java:59)
	at org.openqa.selenium.remote.RemoteWebDriver.findElement(RemoteWebDriver.java:357)
	at org.openqa.selenium.remote.RemoteWebDriver.findElement(RemoteWebDriver.java:351)
	at com.testhive.pages.ProductsPage.clickAddButton(ProductsPage.java:38)
	at com.testhive.tests.ProductTests.verifyDecreaseQuantity(ProductTests.java:68)
	at java.base/java.util.ArrayList.forEach(ArrayList.java:1604)
... Removed 32 stack frames
</div> <!-- stack-trace -->
                  <em>
(TC-PROD-07: Verify decreasing item quantity.)                  </em>
                </div> <!-- method-content -->
              </div> <!-- method -->
              <div class="method">
                <div class="method-content">
                  <a name="verifyIncreaseQuantity">
                  </a> <!-- verifyIncreaseQuantity -->
                  <span class="method-name">verifyIncreaseQuantity</span>
                  <div class="stack-trace">org.openqa.selenium.NoSuchElementException: An element could not be located on the page using the given search parameters.
For documentation on this error, please visit: https://www.selenium.dev/documentation/webdriver/troubleshooting/errors#no-such-element-exception
Build info: version: &apos;4.23.0&apos;, revision: &apos;4df0a231af&apos;
System info: os.name: &apos;Mac OS X&apos;, os.arch: &apos;aarch64&apos;, os.version: &apos;15.5&apos;, java.version: &apos;24.0.1&apos;
Driver info: io.appium.java_client.android.AndroidDriver
Command: [45c2789e-9d3f-4abd-bcb7-6a4914a28e9c, findElement {value=add-to-cart-button-Playwright, using=accessibility id}]
Capabilities {appium:appActivity: .MainActivity, appium:appPackage: com.testhiveapp, appium:automationName: UiAutomator2, appium:databaseEnabled: false, appium:desired: {appActivity: .MainActivity, appPackage: com.testhiveapp, automationName: UiAutomator2, platformName: ANDROID}, appium:deviceApiLevel: 33, appium:deviceManufacturer: Google, appium:deviceModel: Pixel 4a, appium:deviceName: 11171JEC200939, appium:deviceScreenDensity: 440, appium:deviceScreenSize: 1080x2340, appium:deviceUDID: 11171JEC200939, appium:javascriptEnabled: true, appium:locationContextEnabled: false, appium:networkConnectionEnabled: true, appium:pixelRatio: 2.75, appium:platformVersion: 13, appium:statBarHeight: 136, appium:takesScreenshot: true, appium:viewportRect: {height: 2204, left: 0, top: 136, width: 1080}, appium:warnings: {}, appium:webStorageEnabled: false, platformName: ANDROID}
Session ID: 45c2789e-9d3f-4abd-bcb7-6a4914a28e9c
	at org.openqa.selenium.remote.ErrorCodec.decode(ErrorCodec.java:167)
	at org.openqa.selenium.remote.codec.w3c.W3CHttpResponseCodec.decode(W3CHttpResponseCodec.java:138)
	at org.openqa.selenium.remote.codec.w3c.W3CHttpResponseCodec.decode(W3CHttpResponseCodec.java:50)
	at org.openqa.selenium.remote.HttpCommandExecutor.execute(HttpCommandExecutor.java:190)
	at io.appium.java_client.remote.AppiumCommandExecutor.execute(AppiumCommandExecutor.java:237)
	at org.openqa.selenium.remote.RemoteWebDriver.execute(RemoteWebDriver.java:527)
	at org.openqa.selenium.remote.ElementLocation$ElementFinder$2.findElement(ElementLocation.java:165)
	at org.openqa.selenium.remote.ElementLocation.findElement(ElementLocation.java:59)
	at org.openqa.selenium.remote.RemoteWebDriver.findElement(RemoteWebDriver.java:357)
	at org.openqa.selenium.remote.RemoteWebDriver.findElement(RemoteWebDriver.java:351)
	at com.testhive.pages.ProductsPage.clickAddButton(ProductsPage.java:38)
	at com.testhive.tests.ProductTests.verifyIncreaseQuantity(ProductTests.java:60)
	at java.base/java.util.ArrayList.forEach(ArrayList.java:1604)
... Removed 32 stack frames
</div> <!-- stack-trace -->
                  <em>
(TC-PROD-06: Verify increasing item quantity.)                  </em>
                </div> <!-- method-content -->
              </div> <!-- method -->
            </div> <!-- main-panel-content rounded-window-bottom -->
          </div> <!-- suite-TestHiveApp_End_to_End_Test_Suite-class-failed -->
          <div class="suite-TestHiveApp_End_to_End_Test_Suite-class-failed">
            <div class="main-panel-header rounded-window-top">
              <img src="failed.png"/>
              <span class="class-name">com.testhive.tests.CartTests</span>
            </div> <!-- main-panel-header rounded-window-top -->
            <div class="main-panel-content rounded-window-bottom">
              <div class="method">
                <div class="method-content">
                  <a name="verifyCartQuantityControls">
                  </a> <!-- verifyCartQuantityControls -->
                  <span class="method-name">verifyCartQuantityControls</span>
                  <div class="stack-trace">java.lang.AssertionError: Grand total did not update after increasing quantity. expected [Total: $16.20] but found [$16.20]
	at com.testhive.tests.CartTests.verifyCartQuantityControls(CartTests.java:59)
	at java.base/java.util.ArrayList.forEach(ArrayList.java:1604)
... Removed 34 stack frames
</div> <!-- stack-trace -->
                  <em>
(TC-CART-04: Verify that the quantity controls on the cart page work correctly.)                  </em>
                </div> <!-- method-content -->
              </div> <!-- method -->
              <div class="method">
                <div class="method-content">
                  <a name="verifyEmptyCartMessage">
                  </a> <!-- verifyEmptyCartMessage -->
                  <span class="method-name">verifyEmptyCartMessage</span>
                  <div class="stack-trace">java.lang.AssertionError: &apos;Your cart is empty&apos; message was not displayed. expected [true] but found [false]
	at com.testhive.tests.CartTests.verifyEmptyCartMessage(CartTests.java:71)
	at java.base/java.util.ArrayList.forEach(ArrayList.java:1604)
... Removed 32 stack frames
</div> <!-- stack-trace -->
                  <em>
(TC-CART-05: Verify 'Your cart is empty' message.)                  </em>
                </div> <!-- method-content -->
              </div> <!-- method -->
              <div class="method">
                <div class="method-content">
                  <a name="verifyGrandTotal">
                  </a> <!-- verifyGrandTotal -->
                  <span class="method-name">verifyGrandTotal</span>
                  <div class="stack-trace">java.lang.AssertionError: Grand total is incorrect. expected [Total: $13.49] but found [$13.49]
	at com.testhive.tests.CartTests.verifyGrandTotal(CartTests.java:48)
	at java.base/java.util.ArrayList.forEach(ArrayList.java:1604)
... Removed 34 stack frames
</div> <!-- stack-trace -->
                  <em>
(TC-CART-03: Verify that the grand total for all items is calculated correctly.)                  </em>
                </div> <!-- method-content -->
              </div> <!-- method -->
              <div class="method">
                <div class="method-content">
                  <a name="verifyLineItemTotal">
                  </a> <!-- verifyLineItemTotal -->
                  <span class="method-name">verifyLineItemTotal</span>
                  <div class="stack-trace">java.lang.AssertionError: Appium line item total is incorrect. expected [$7.50 x 2 = $15.00] but found [Mobile Testing]
	at com.testhive.tests.CartTests.verifyLineItemTotal(CartTests.java:39)
	at java.base/java.util.ArrayList.forEach(ArrayList.java:1604)
... Removed 34 stack frames
</div> <!-- stack-trace -->
                  <em>
(TC-CART-02: Verify that the total cost for each item line is calculated correctly.)                  </em>
                </div> <!-- method-content -->
              </div> <!-- method -->
              <div class="method">
                <div class="method-content">
                  <a name="verifyNavigationToCheckout">
                  </a> <!-- verifyNavigationToCheckout -->
                  <span class="method-name">verifyNavigationToCheckout</span>
                  <div class="stack-trace">org.openqa.selenium.NoSuchElementException: An element could not be located on the page using the given search parameters.
For documentation on this error, please visit: https://www.selenium.dev/documentation/webdriver/troubleshooting/errors#no-such-element-exception
Build info: version: &apos;4.23.0&apos;, revision: &apos;4df0a231af&apos;
System info: os.name: &apos;Mac OS X&apos;, os.arch: &apos;aarch64&apos;, os.version: &apos;15.5&apos;, java.version: &apos;24.0.1&apos;
Driver info: io.appium.java_client.android.AndroidDriver
Command: [f040cfd9-8767-4de8-9c63-72470966a740, findElement {value=add-to-cart-button-TestNG, using=accessibility id}]
Capabilities {appium:appActivity: .MainActivity, appium:appPackage: com.testhiveapp, appium:automationName: UiAutomator2, appium:databaseEnabled: false, appium:desired: {appActivity: .MainActivity, appPackage: com.testhiveapp, automationName: UiAutomator2, platformName: ANDROID}, appium:deviceApiLevel: 33, appium:deviceManufacturer: Google, appium:deviceModel: Pixel 4a, appium:deviceName: 11171JEC200939, appium:deviceScreenDensity: 440, appium:deviceScreenSize: 1080x2340, appium:deviceUDID: 11171JEC200939, appium:javascriptEnabled: true, appium:locationContextEnabled: false, appium:networkConnectionEnabled: true, appium:pixelRatio: 2.75, appium:platformVersion: 13, appium:statBarHeight: 136, appium:takesScreenshot: true, appium:viewportRect: {height: 2204, left: 0, top: 136, width: 1080}, appium:warnings: {}, appium:webStorageEnabled: false, platformName: ANDROID}
Session ID: f040cfd9-8767-4de8-9c63-72470966a740
	at org.openqa.selenium.remote.ErrorCodec.decode(ErrorCodec.java:167)
	at org.openqa.selenium.remote.codec.w3c.W3CHttpResponseCodec.decode(W3CHttpResponseCodec.java:138)
	at org.openqa.selenium.remote.codec.w3c.W3CHttpResponseCodec.decode(W3CHttpResponseCodec.java:50)
	at org.openqa.selenium.remote.HttpCommandExecutor.execute(HttpCommandExecutor.java:190)
	at io.appium.java_client.remote.AppiumCommandExecutor.execute(AppiumCommandExecutor.java:237)
	at org.openqa.selenium.remote.RemoteWebDriver.execute(RemoteWebDriver.java:527)
	at org.openqa.selenium.remote.ElementLocation$ElementFinder$2.findElement(ElementLocation.java:165)
	at org.openqa.selenium.remote.ElementLocation.findElement(ElementLocation.java:59)
	at org.openqa.selenium.remote.RemoteWebDriver.findElement(RemoteWebDriver.java:357)
	at org.openqa.selenium.remote.RemoteWebDriver.findElement(RemoteWebDriver.java:351)
	at com.testhive.pages.ProductsPage.clickAddButton(ProductsPage.java:38)
	at com.testhive.tests.CartTests.verifyNavigationToCheckout(CartTests.java:76)
	at java.base/java.util.ArrayList.forEach(ArrayList.java:1604)
... Removed 32 stack frames
</div> <!-- stack-trace -->
                  <em>
(TC-CART-06: Verify navigation to the checkout address page.)                  </em>
                </div> <!-- method-content -->
              </div> <!-- method -->
            </div> <!-- main-panel-content rounded-window-bottom -->
          </div> <!-- suite-TestHiveApp_End_to_End_Test_Suite-class-failed -->
          <div class="suite-TestHiveApp_End_to_End_Test_Suite-class-passed">
            <div class="main-panel-header rounded-window-top">
              <img src="passed.png"/>
              <span class="class-name">com.testhive.tests.LoginTests</span>
            </div> <!-- main-panel-header rounded-window-top -->
            <div class="main-panel-content rounded-window-bottom">
              <div class="method">
                <div class="method-content">
                  <a name="errorMessageDisappearsOnTyping">
                  </a> <!-- errorMessageDisappearsOnTyping -->
                  <span class="method-name">errorMessageDisappearsOnTyping</span>
                  <em>
(TC-LOGIN-06: Verify error message disappears on typing.)                  </em>
                </div> <!-- method-content -->
              </div> <!-- method -->
              <div class="method">
                <div class="method-content">
                  <a name="invalidPassword">
                  </a> <!-- invalidPassword -->
                  <span class="method-name">invalidPassword</span>
                  <em>
(TC-LOGIN-04: Verify error with invalid password.)                  </em>
                </div> <!-- method-content -->
              </div> <!-- method -->
              <div class="method">
                <div class="method-content">
                  <a name="invalidUsername">
                  </a> <!-- invalidUsername -->
                  <span class="method-name">invalidUsername</span>
                  <em>
(TC-LOGIN-03: Verify error with invalid username.)                  </em>
                </div> <!-- method-content -->
              </div> <!-- method -->
              <div class="method">
                <div class="method-content">
                  <a name="passwordFieldIsMasked">
                  </a> <!-- passwordFieldIsMasked -->
                  <span class="method-name">passwordFieldIsMasked</span>
                  <em>
(TC-LOGIN-07: Verify password field is masked.)                  </em>
                </div> <!-- method-content -->
              </div> <!-- method -->
              <div class="method">
                <div class="method-content">
                  <a name="successfulLogin">
                  </a> <!-- successfulLogin -->
                  <span class="method-name">successfulLogin</span>
                  <em>
(TC-LOGIN-01 & TC-LOGIN-02: Verify successful login and navigation.)                  </em>
                </div> <!-- method-content -->
              </div> <!-- method -->
            </div> <!-- main-panel-content rounded-window-bottom -->
          </div> <!-- suite-TestHiveApp_End_to_End_Test_Suite-class-passed -->
          <div class="suite-TestHiveApp_End_to_End_Test_Suite-class-passed">
            <div class="main-panel-header rounded-window-top">
              <img src="passed.png"/>
              <span class="class-name">com.testhive.tests.CheckoutTests</span>
            </div> <!-- main-panel-header rounded-window-top -->
            <div class="main-panel-content rounded-window-bottom">
              <div class="method">
                <div class="method-content">
                  <a name="verifyNextButtonIsDisabledForIncompleteAddress">
                  </a> <!-- verifyNextButtonIsDisabledForIncompleteAddress -->
                  <span class="method-name">verifyNextButtonIsDisabledForIncompleteAddress</span>
                  <em>
(TC-CHECKOUT-02: Verify 'Next: Payment' button is disabled until form is complete.)                  </em>
                </div> <!-- method-content -->
              </div> <!-- method -->
              <div class="method">
                <div class="method-content">
                  <a name="verifyPayNowButtonIsDisabledForIncompletePayment">
                  </a> <!-- verifyPayNowButtonIsDisabledForIncompletePayment -->
                  <span class="method-name">verifyPayNowButtonIsDisabledForIncompletePayment</span>
                  <em>
(TC-CHECKOUT-04: Verify 'Pay Now' button is disabled until form is complete.)                  </em>
                </div> <!-- method-content -->
              </div> <!-- method -->
              <div class="method">
                <div class="method-content">
                  <a name="verifySuccessfulCheckoutFlow">
                  </a> <!-- verifySuccessfulCheckoutFlow -->
                  <span class="method-name">verifySuccessfulCheckoutFlow</span>
                  <em>
(TC-CHECKOUT-01, 03, 05: Verify successful end-to-end checkout flow.)                  </em>
                </div> <!-- method-content -->
              </div> <!-- method -->
            </div> <!-- main-panel-content rounded-window-bottom -->
          </div> <!-- suite-TestHiveApp_End_to_End_Test_Suite-class-passed -->
          <div class="suite-TestHiveApp_End_to_End_Test_Suite-class-passed">
            <div class="main-panel-header rounded-window-top">
              <img src="passed.png"/>
              <span class="class-name">com.testhive.tests.ProductDetailTests</span>
            </div> <!-- main-panel-header rounded-window-top -->
            <div class="main-panel-content rounded-window-bottom">
              <div class="method">
                <div class="method-content">
                  <a name="verifyBackButtonNavigation">
                  </a> <!-- verifyBackButtonNavigation -->
                  <span class="method-name">verifyBackButtonNavigation</span>
                  <em>
(TC-DETAIL-02: Verify that the 'Back' button successfully navigates the user back to the Products page.)                  </em>
                </div> <!-- method-content -->
              </div> <!-- method -->
            </div> <!-- main-panel-content rounded-window-bottom -->
          </div> <!-- suite-TestHiveApp_End_to_End_Test_Suite-class-passed -->
          <div class="suite-TestHiveApp_End_to_End_Test_Suite-class-passed">
            <div class="main-panel-header rounded-window-top">
              <img src="passed.png"/>
              <span class="class-name">com.testhive.tests.ProductTests</span>
            </div> <!-- main-panel-header rounded-window-top -->
            <div class="main-panel-content rounded-window-bottom">
              <div class="method">
                <div class="method-content">
                  <a name="verifyAddToCartButtonChanges">
                  </a> <!-- verifyAddToCartButtonChanges -->
                  <span class="method-name">verifyAddToCartButtonChanges</span>
                  <em>
(TC-PROD-04: Verify 'Add' button changes to quantity control.)                  </em>
                </div> <!-- method-content -->
              </div> <!-- method -->
              <div class="method">
                <div class="method-content">
                  <a name="verifyCartBadgeUpdates">
                  </a> <!-- verifyCartBadgeUpdates -->
                  <span class="method-name">verifyCartBadgeUpdates</span>
                  <em>
(TC-PROD-05: Verify cart badge updates correctly.)                  </em>
                </div> <!-- method-content -->
              </div> <!-- method -->
              <div class="method">
                <div class="method-content">
                  <a name="verifyNavigationToCart">
                  </a> <!-- verifyNavigationToCart -->
                  <span class="method-name">verifyNavigationToCart</span>
                  <em>
(TC-PROD-09: Verify navigation to cart page.)                  </em>
                </div> <!-- method-content -->
              </div> <!-- method -->
              <div class="method">
                <div class="method-content">
                  <a name="verifyNavigationToProductDetail">
                  </a> <!-- verifyNavigationToProductDetail -->
                  <span class="method-name">verifyNavigationToProductDetail</span>
                  <em>
(TC-PROD-08: Verify navigation to product detail page.)                  </em>
                </div> <!-- method-content -->
              </div> <!-- method -->
              <div class="method">
                <div class="method-content">
                  <a name="verifyNoProductsFoundMessage">
                  </a> <!-- verifyNoProductsFoundMessage -->
                  <span class="method-name">verifyNoProductsFoundMessage</span>
                  <em>
(TC-PROD-03: Verify 'No products found' message for invalid search.)                  </em>
                </div> <!-- method-content -->
              </div> <!-- method -->
              <div class="method">
                <div class="method-content">
                  <a name="verifyProductListIsDisplayed">
                  </a> <!-- verifyProductListIsDisplayed -->
                  <span class="method-name">verifyProductListIsDisplayed</span>
                  <em>
(TC-PROD-01: Verify that all products are listed on the page after a successful login.)                  </em>
                </div> <!-- method-content -->
              </div> <!-- method -->
              <div class="method">
                <div class="method-content">
                  <a name="verifySearchFiltersProducts">
                  </a> <!-- verifySearchFiltersProducts -->
                  <span class="method-name">verifySearchFiltersProducts</span>
                  <em>
(TC-PROD-02: Verify search functionality with a valid term.)                  </em>
                </div> <!-- method-content -->
              </div> <!-- method -->
            </div> <!-- main-panel-content rounded-window-bottom -->
          </div> <!-- suite-TestHiveApp_End_to_End_Test_Suite-class-passed -->
          <div class="suite-TestHiveApp_End_to_End_Test_Suite-class-passed">
            <div class="main-panel-header rounded-window-top">
              <img src="passed.png"/>
              <span class="class-name">com.testhive.tests.CartTests</span>
            </div> <!-- main-panel-header rounded-window-top -->
            <div class="main-panel-content rounded-window-bottom">
              <div class="method">
                <div class="method-content">
                  <a name="verifyItemsListedInCart">
                  </a> <!-- verifyItemsListedInCart -->
                  <span class="method-name">verifyItemsListedInCart</span>
                  <em>
(TC-CART-01: Verify that added items are correctly listed in the cart.)                  </em>
                </div> <!-- method-content -->
              </div> <!-- method -->
            </div> <!-- main-panel-content rounded-window-bottom -->
          </div> <!-- suite-TestHiveApp_End_to_End_Test_Suite-class-passed -->
          <div class="suite-TestHiveApp_End_to_End_Test_Suite-class-passed">
            <div class="main-panel-header rounded-window-top">
              <img src="passed.png"/>
              <span class="class-name">com.testhive.tests.SplashTests</span>
            </div> <!-- main-panel-header rounded-window-top -->
            <div class="main-panel-content rounded-window-bottom">
              <div class="method">
                <div class="method-content">
                  <a name="verifyNavigationToLogin">
                  </a> <!-- verifyNavigationToLogin -->
                  <span class="method-name">verifyNavigationToLogin</span>
                  <em>
(TC-SPLASH-03: Verify navigation to the login screen after splash.)                  </em>
                </div> <!-- method-content -->
              </div> <!-- method -->
              <div class="method">
                <div class="method-content">
                  <a name="verifySplashScreenContent">
                  </a> <!-- verifySplashScreenContent -->
                  <span class="method-name">verifySplashScreenContent</span>
                  <em>
(TC-SPLASH-02: Verify that the TestHive logo and name are visible on the splash screen.)                  </em>
                </div> <!-- method-content -->
              </div> <!-- method -->
              <div class="method">
                <div class="method-content">
                  <a name="verifySplashScreenIsDisplayed">
                  </a> <!-- verifySplashScreenIsDisplayed -->
                  <span class="method-name">verifySplashScreenIsDisplayed</span>
                  <em>
(TC-SPLASH-01: Verify that the app launches successfully and the splash screen is displayed.)                  </em>
                </div> <!-- method-content -->
              </div> <!-- method -->
            </div> <!-- main-panel-content rounded-window-bottom -->
          </div> <!-- suite-TestHiveApp_End_to_End_Test_Suite-class-passed -->
        </div> <!-- panel TestHiveApp_End_to_End_Test_Suite -->
        <div panel-name="test-xml-TestHiveApp_End_to_End_Test_Suite" class="panel">
          <div class="main-panel-header rounded-window-top">
            <span class="header-content">/Users/omnarayan/work/temp/TestHiveApp/TestHiveAppium/testng.xml</span>
          </div> <!-- main-panel-header rounded-window-top -->
          <div class="main-panel-content rounded-window-bottom">
            <pre>
&lt;?xml version=&quot;1.0&quot; encoding=&quot;UTF-8&quot;?&gt;
&lt;!DOCTYPE suite SYSTEM &quot;https://testng.org/testng-1.0.dtd&quot;&gt;
&lt;suite name=&quot;TestHiveApp End-to-End Test Suite&quot; guice-stage=&quot;DEVELOPMENT&quot; verbose=&quot;0&quot;&gt;
  &lt;test thread-count=&quot;5&quot; name=&quot;All Tests&quot; verbose=&quot;0&quot;&gt;
    &lt;classes&gt;
      &lt;class name=&quot;com.testhive.tests.SplashTests&quot;/&gt;
      &lt;class name=&quot;com.testhive.tests.LoginTests&quot;/&gt;
      &lt;class name=&quot;com.testhive.tests.ProductTests&quot;/&gt;
      &lt;class name=&quot;com.testhive.tests.ProductDetailTests&quot;/&gt;
      &lt;class name=&quot;com.testhive.tests.CartTests&quot;/&gt;
      &lt;class name=&quot;com.testhive.tests.CheckoutTests&quot;/&gt;
    &lt;/classes&gt;
  &lt;/test&gt; &lt;!-- All Tests --&gt;
&lt;/suite&gt; &lt;!-- TestHiveApp End-to-End Test Suite --&gt;
            </pre>
          </div> <!-- main-panel-content rounded-window-bottom -->
        </div> <!-- panel -->
        <div panel-name="testlist-TestHiveApp_End_to_End_Test_Suite" class="panel">
          <div class="main-panel-header rounded-window-top">
            <span class="header-content">Tests for TestHiveApp End-to-End Test Suite</span>
          </div> <!-- main-panel-header rounded-window-top -->
          <div class="main-panel-content rounded-window-bottom">
            <ul>
              <li>
                <span class="test-name">All Tests (6 classes)</span>
              </li>
            </ul>
          </div> <!-- main-panel-content rounded-window-bottom -->
        </div> <!-- panel -->
        <div panel-name="group-TestHiveApp_End_to_End_Test_Suite" class="panel">
          <div class="main-panel-header rounded-window-top">
            <span class="header-content">Groups for TestHiveApp End-to-End Test Suite</span>
          </div> <!-- main-panel-header rounded-window-top -->
          <div class="main-panel-content rounded-window-bottom">
          </div> <!-- main-panel-content rounded-window-bottom -->
        </div> <!-- panel -->
        <div panel-name="times-TestHiveApp_End_to_End_Test_Suite" class="panel">
          <div class="main-panel-header rounded-window-top">
            <span class="header-content">Times for TestHiveApp End-to-End Test Suite</span>
          </div> <!-- main-panel-header rounded-window-top -->
          <div class="main-panel-content rounded-window-bottom">
            <div class="times-div">
              <script type="text/javascript">
suiteTableInitFunctions.push('tableData_TestHiveApp_End_to_End_Test_Suite');
function tableData_TestHiveApp_End_to_End_Test_Suite() {
var data = new google.visualization.DataTable();
data.addColumn('number', 'Number');
data.addColumn('string', 'Method');
data.addColumn('string', 'Class');
data.addColumn('number', 'Time (ms)');
data.addRows(31);
data.setCell(0, 0, 0)
data.setCell(0, 1, 'errorMessageDisappearsOnTyping')
data.setCell(0, 2, 'com.testhive.tests.LoginTests')
data.setCell(0, 3, 23646);
data.setCell(1, 0, 1)
data.setCell(1, 1, 'verifyBackToHomeClearsCart')
data.setCell(1, 2, 'com.testhive.tests.CheckoutTests')
data.setCell(1, 3, 23292);
data.setCell(2, 0, 2)
data.setCell(2, 1, 'verifyLogoutFunctionality')
data.setCell(2, 2, 'com.testhive.tests.LoginTests')
data.setCell(2, 3, 23144);
data.setCell(3, 0, 3)
data.setCell(3, 1, 'verifySearchFiltersProducts')
data.setCell(3, 2, 'com.testhive.tests.ProductTests')
data.setCell(3, 3, 19279);
data.setCell(4, 0, 4)
data.setCell(4, 1, 'verifyEmptyCartMessage')
data.setCell(4, 2, 'com.testhive.tests.CartTests')
data.setCell(4, 3, 17601);
data.setCell(5, 0, 5)
data.setCell(5, 1, 'verifyCartBadgeUpdates')
data.setCell(5, 2, 'com.testhive.tests.ProductTests')
data.setCell(5, 3, 17417);
data.setCell(6, 0, 6)
data.setCell(6, 1, 'verifyProductDetails')
data.setCell(6, 2, 'com.testhive.tests.ProductDetailTests')
data.setCell(6, 3, 15910);
data.setCell(7, 0, 7)
data.setCell(7, 1, 'verifyDecreaseQuantity')
data.setCell(7, 2, 'com.testhive.tests.ProductTests')
data.setCell(7, 3, 15200);
data.setCell(8, 0, 8)
data.setCell(8, 1, 'verifyNavigationToCheckout')
data.setCell(8, 2, 'com.testhive.tests.CartTests')
data.setCell(8, 3, 15170);
data.setCell(9, 0, 9)
data.setCell(9, 1, 'verifyIncreaseQuantity')
data.setCell(9, 2, 'com.testhive.tests.ProductTests')
data.setCell(9, 3, 15126);
data.setCell(10, 0, 10)
data.setCell(10, 1, 'successfulLogin')
data.setCell(10, 2, 'com.testhive.tests.LoginTests')
data.setCell(10, 3, 8047);
data.setCell(11, 0, 11)
data.setCell(11, 1, 'invalidPassword')
data.setCell(11, 2, 'com.testhive.tests.LoginTests')
data.setCell(11, 3, 7858);
data.setCell(12, 0, 12)
data.setCell(12, 1, 'invalidUsername')
data.setCell(12, 2, 'com.testhive.tests.LoginTests')
data.setCell(12, 3, 7809);
data.setCell(13, 0, 13)
data.setCell(13, 1, 'verifySuccessfulCheckoutFlow')
data.setCell(13, 2, 'com.testhive.tests.CheckoutTests')
data.setCell(13, 3, 7084);
data.setCell(14, 0, 14)
data.setCell(14, 1, 'verifyPayNowButtonIsDisabledForIncompletePayment')
data.setCell(14, 2, 'com.testhive.tests.CheckoutTests')
data.setCell(14, 3, 6226);
data.setCell(15, 0, 15)
data.setCell(15, 1, 'verifyLineItemTotal')
data.setCell(15, 2, 'com.testhive.tests.CartTests')
data.setCell(15, 3, 4407);
data.setCell(16, 0, 16)
data.setCell(16, 1, 'verifyCartQuantityControls')
data.setCell(16, 2, 'com.testhive.tests.CartTests')
data.setCell(16, 3, 4385);
data.setCell(17, 0, 17)
data.setCell(17, 1, 'verifyNextButtonIsDisabledForIncompleteAddress')
data.setCell(17, 2, 'com.testhive.tests.CheckoutTests')
data.setCell(17, 3, 4261);
data.setCell(18, 0, 18)
data.setCell(18, 1, 'verifyItemsListedInCart')
data.setCell(18, 2, 'com.testhive.tests.CartTests')
data.setCell(18, 3, 4162);
data.setCell(19, 0, 19)
data.setCell(19, 1, 'verifyGrandTotal')
data.setCell(19, 2, 'com.testhive.tests.CartTests')
data.setCell(19, 3, 4105);
data.setCell(20, 0, 20)
data.setCell(20, 1, 'verifyNoProductsFoundMessage')
data.setCell(20, 2, 'com.testhive.tests.ProductTests')
data.setCell(20, 3, 3855);
data.setCell(21, 0, 21)
data.setCell(21, 1, 'emptyCredentials')
data.setCell(21, 2, 'com.testhive.tests.LoginTests')
data.setCell(21, 3, 3602);
data.setCell(22, 0, 22)
data.setCell(22, 1, 'verifyNavigationToLogin')
data.setCell(22, 2, 'com.testhive.tests.SplashTests')
data.setCell(22, 3, 2773);
data.setCell(23, 0, 23)
data.setCell(23, 1, 'passwordFieldIsMasked')
data.setCell(23, 2, 'com.testhive.tests.LoginTests')
data.setCell(23, 3, 2738);
data.setCell(24, 0, 24)
data.setCell(24, 1, 'verifyNavigationToProductDetail')
data.setCell(24, 2, 'com.testhive.tests.ProductTests')
data.setCell(24, 3, 2672);
data.setCell(25, 0, 25)
data.setCell(25, 1, 'verifyAddToCartButtonChanges')
data.setCell(25, 2, 'com.testhive.tests.ProductTests')
data.setCell(25, 3, 2607);
data.setCell(26, 0, 26)
data.setCell(26, 1, 'verifyNavigationToCart')
data.setCell(26, 2, 'com.testhive.tests.ProductTests')
data.setCell(26, 3, 2598);
data.setCell(27, 0, 27)
data.setCell(27, 1, 'verifyProductListIsDisplayed')
data.setCell(27, 2, 'com.testhive.tests.ProductTests')
data.setCell(27, 3, 2137);
data.setCell(28, 0, 28)
data.setCell(28, 1, 'verifyBackButtonNavigation')
data.setCell(28, 2, 'com.testhive.tests.ProductDetailTests')
data.setCell(28, 3, 1709);
data.setCell(29, 0, 29)
data.setCell(29, 1, 'verifySplashScreenContent')
data.setCell(29, 2, 'com.testhive.tests.SplashTests')
data.setCell(29, 3, 919);
data.setCell(30, 0, 30)
data.setCell(30, 1, 'verifySplashScreenIsDisplayed')
data.setCell(30, 2, 'com.testhive.tests.SplashTests')
data.setCell(30, 3, 627);
window.suiteTableData['TestHiveApp_End_to_End_Test_Suite']= { tableData: data, tableDiv: 'times-div-TestHiveApp_End_to_End_Test_Suite'}
return data;
}
              </script>
              <span class="suite-total-time">Total running time: 4 minutes</span>
              <div id="times-div-TestHiveApp_End_to_End_Test_Suite">
              </div> <!-- times-div-TestHiveApp_End_to_End_Test_Suite -->
            </div> <!-- times-div -->
          </div> <!-- main-panel-content rounded-window-bottom -->
        </div> <!-- panel -->
        <div panel-name="reporter-TestHiveApp_End_to_End_Test_Suite" class="panel">
          <div class="main-panel-header rounded-window-top">
            <span class="header-content">Reporter output for TestHiveApp End-to-End Test Suite</span>
          </div> <!-- main-panel-header rounded-window-top -->
          <div class="main-panel-content rounded-window-bottom">
          </div> <!-- main-panel-content rounded-window-bottom -->
        </div> <!-- panel -->
        <div panel-name="ignored-methods-TestHiveApp_End_to_End_Test_Suite" class="panel">
          <div class="main-panel-header rounded-window-top">
            <span class="header-content">0 ignored methods</span>
          </div> <!-- main-panel-header rounded-window-top -->
          <div class="main-panel-content rounded-window-bottom">
          </div> <!-- main-panel-content rounded-window-bottom -->
        </div> <!-- panel -->
        <div panel-name="chronological-TestHiveApp_End_to_End_Test_Suite" class="panel">
          <div class="main-panel-header rounded-window-top">
            <span class="header-content">Methods in chronological order</span>
          </div> <!-- main-panel-header rounded-window-top -->
          <div class="main-panel-content rounded-window-bottom">
            <div class="chronological-class">
              <div class="chronological-class-name">com.testhive.tests.SplashTests</div> <!-- chronological-class-name -->
              <div class="configuration-method before">
                <span class="method-name">setUp</span>
                <span class="method-start">0 ms</span>
              </div> <!-- configuration-method before -->
              <div class="test-method">
                <span class="method-name">verifyNavigationToLogin</span>
                <span class="method-start">3207 ms</span>
              </div> <!-- test-method -->
              <div class="configuration-method after">
                <span class="method-name">tearDown</span>
                <span class="method-start">5981 ms</span>
              </div> <!-- configuration-method after -->
              <div class="configuration-method before">
                <span class="method-name">setUp</span>
                <span class="method-start">6458 ms</span>
              </div> <!-- configuration-method before -->
              <div class="test-method">
                <span class="method-name">verifySplashScreenContent</span>
                <span class="method-start">9329 ms</span>
              </div> <!-- test-method -->
              <div class="configuration-method after">
                <span class="method-name">tearDown</span>
                <span class="method-start">10248 ms</span>
              </div> <!-- configuration-method after -->
              <div class="configuration-method before">
                <span class="method-name">setUp</span>
                <span class="method-start">10672 ms</span>
              </div> <!-- configuration-method before -->
              <div class="test-method">
                <span class="method-name">verifySplashScreenIsDisplayed</span>
                <span class="method-start">14602 ms</span>
              </div> <!-- test-method -->
              <div class="configuration-method after">
                <span class="method-name">tearDown</span>
                <span class="method-start">15230 ms</span>
              </div> <!-- configuration-method after -->
            </div> <!-- chronological-class -->
            <div class="chronological-class">
              <div class="chronological-class-name">com.testhive.tests.LoginTests</div> <!-- chronological-class-name -->
              <div class="configuration-method before">
                <span class="method-name">setUp</span>
                <span class="method-start">15695 ms</span>
              </div> <!-- configuration-method before -->
              <div class="test-method">
                <img src="failed.png">
                </img>
                <span class="method-name">emptyCredentials</span>
                <span class="method-start">18676 ms</span>
              </div> <!-- test-method -->
              <div class="configuration-method after">
                <span class="method-name">tearDown</span>
                <span class="method-start">22283 ms</span>
              </div> <!-- configuration-method after -->
              <div class="configuration-method before">
                <span class="method-name">setUp</span>
                <span class="method-start">22833 ms</span>
              </div> <!-- configuration-method before -->
              <div class="test-method">
                <span class="method-name">errorMessageDisappearsOnTyping</span>
                <span class="method-start">25770 ms</span>
              </div> <!-- test-method -->
              <div class="configuration-method after">
                <span class="method-name">tearDown</span>
                <span class="method-start">49417 ms</span>
              </div> <!-- configuration-method after -->
              <div class="configuration-method before">
                <span class="method-name">setUp</span>
                <span class="method-start">49955 ms</span>
              </div> <!-- configuration-method before -->
              <div class="test-method">
                <span class="method-name">invalidPassword</span>
                <span class="method-start">52994 ms</span>
              </div> <!-- test-method -->
              <div class="configuration-method after">
                <span class="method-name">tearDown</span>
                <span class="method-start">60853 ms</span>
              </div> <!-- configuration-method after -->
              <div class="configuration-method before">
                <span class="method-name">setUp</span>
                <span class="method-start">61419 ms</span>
              </div> <!-- configuration-method before -->
              <div class="test-method">
                <span class="method-name">invalidUsername</span>
                <span class="method-start">64504 ms</span>
              </div> <!-- test-method -->
              <div class="configuration-method after">
                <span class="method-name">tearDown</span>
                <span class="method-start">72314 ms</span>
              </div> <!-- configuration-method after -->
              <div class="configuration-method before">
                <span class="method-name">setUp</span>
                <span class="method-start">72767 ms</span>
              </div> <!-- configuration-method before -->
              <div class="test-method">
                <span class="method-name">passwordFieldIsMasked</span>
                <span class="method-start">75657 ms</span>
              </div> <!-- test-method -->
              <div class="configuration-method after">
                <span class="method-name">tearDown</span>
                <span class="method-start">78396 ms</span>
              </div> <!-- configuration-method after -->
              <div class="configuration-method before">
                <span class="method-name">setUp</span>
                <span class="method-start">78882 ms</span>
              </div> <!-- configuration-method before -->
              <div class="test-method">
                <span class="method-name">successfulLogin</span>
                <span class="method-start">81874 ms</span>
              </div> <!-- test-method -->
              <div class="configuration-method after">
                <span class="method-name">tearDown</span>
                <span class="method-start">89921 ms</span>
              </div> <!-- configuration-method after -->
              <div class="configuration-method before">
                <span class="method-name">setUp</span>
                <span class="method-start">90377 ms</span>
              </div> <!-- configuration-method before -->
              <div class="test-method">
                <img src="failed.png">
                </img>
                <span class="method-name">verifyLogoutFunctionality</span>
                <span class="method-start">93311 ms</span>
              </div> <!-- test-method -->
              <div class="configuration-method after">
                <span class="method-name">tearDown</span>
                <span class="method-start">116458 ms</span>
              </div> <!-- configuration-method after -->
            </div> <!-- chronological-class -->
            <div class="chronological-class">
              <div class="chronological-class-name">com.testhive.tests.ProductTests</div> <!-- chronological-class-name -->
              <div class="configuration-method before">
                <span class="method-name">setUp</span>
                <span class="method-start">117060 ms</span>
              </div> <!-- configuration-method before -->
              <div class="configuration-method before">
                <span class="method-name">loginAndGoToProductsPage</span>
                <span class="method-start">121095 ms</span>
              </div> <!-- configuration-method before -->
              <div class="test-method">
                <span class="method-name">verifyAddToCartButtonChanges</span>
                <span class="method-start">127225 ms</span>
              </div> <!-- test-method -->
              <div class="configuration-method after">
                <span class="method-name">tearDown</span>
                <span class="method-start">129834 ms</span>
              </div> <!-- configuration-method after -->
              <div class="configuration-method before">
                <span class="method-name">setUp</span>
                <span class="method-start">130337 ms</span>
              </div> <!-- configuration-method before -->
              <div class="configuration-method before">
                <span class="method-name">loginAndGoToProductsPage</span>
                <span class="method-start">133316 ms</span>
              </div> <!-- configuration-method before -->
              <div class="test-method">
                <span class="method-name">verifyCartBadgeUpdates</span>
                <span class="method-start">139384 ms</span>
              </div> <!-- test-method -->
              <div class="configuration-method after">
                <span class="method-name">tearDown</span>
                <span class="method-start">156802 ms</span>
              </div> <!-- configuration-method after -->
              <div class="configuration-method before">
                <span class="method-name">setUp</span>
                <span class="method-start">157333 ms</span>
              </div> <!-- configuration-method before -->
              <div class="configuration-method before">
                <span class="method-name">loginAndGoToProductsPage</span>
                <span class="method-start">160219 ms</span>
              </div> <!-- configuration-method before -->
              <div class="test-method">
                <img src="failed.png">
                </img>
                <span class="method-name">verifyDecreaseQuantity</span>
                <span class="method-start">165830 ms</span>
              </div> <!-- test-method -->
              <div class="configuration-method after">
                <span class="method-name">tearDown</span>
                <span class="method-start">181031 ms</span>
              </div> <!-- configuration-method after -->
              <div class="configuration-method before">
                <span class="method-name">setUp</span>
                <span class="method-start">181491 ms</span>
              </div> <!-- configuration-method before -->
              <div class="configuration-method before">
                <span class="method-name">loginAndGoToProductsPage</span>
                <span class="method-start">184345 ms</span>
              </div> <!-- configuration-method before -->
              <div class="test-method">
                <img src="failed.png">
                </img>
                <span class="method-name">verifyIncreaseQuantity</span>
                <span class="method-start">190443 ms</span>
              </div> <!-- test-method -->
              <div class="configuration-method after">
                <span class="method-name">tearDown</span>
                <span class="method-start">205572 ms</span>
              </div> <!-- configuration-method after -->
              <div class="configuration-method before">
                <span class="method-name">setUp</span>
                <span class="method-start">206130 ms</span>
              </div> <!-- configuration-method before -->
              <div class="configuration-method before">
                <span class="method-name">loginAndGoToProductsPage</span>
                <span class="method-start">209214 ms</span>
              </div> <!-- configuration-method before -->
              <div class="test-method">
                <span class="method-name">verifyNavigationToCart</span>
                <span class="method-start">214807 ms</span>
              </div> <!-- test-method -->
              <div class="configuration-method after">
                <span class="method-name">tearDown</span>
                <span class="method-start">217406 ms</span>
              </div> <!-- configuration-method after -->
              <div class="configuration-method before">
                <span class="method-name">setUp</span>
                <span class="method-start">217983 ms</span>
              </div> <!-- configuration-method before -->
              <div class="configuration-method before">
                <span class="method-name">loginAndGoToProductsPage</span>
                <span class="method-start">220916 ms</span>
              </div> <!-- configuration-method before -->
              <div class="test-method">
                <span class="method-name">verifyNavigationToProductDetail</span>
                <span class="method-start">226533 ms</span>
              </div> <!-- test-method -->
              <div class="configuration-method after">
                <span class="method-name">tearDown</span>
                <span class="method-start">229206 ms</span>
              </div> <!-- configuration-method after -->
              <div class="configuration-method before">
                <span class="method-name">setUp</span>
                <span class="method-start">229761 ms</span>
              </div> <!-- configuration-method before -->
              <div class="configuration-method before">
                <span class="method-name">loginAndGoToProductsPage</span>
                <span class="method-start">232699 ms</span>
              </div> <!-- configuration-method before -->
              <div class="test-method">
                <span class="method-name">verifyNoProductsFoundMessage</span>
                <span class="method-start">238238 ms</span>
              </div> <!-- test-method -->
              <div class="configuration-method after">
                <span class="method-name">tearDown</span>
                <span class="method-start">242094 ms</span>
              </div> <!-- configuration-method after -->
              <div class="configuration-method before">
                <span class="method-name">setUp</span>
                <span class="method-start">242591 ms</span>
              </div> <!-- configuration-method before -->
              <div class="configuration-method before">
                <span class="method-name">loginAndGoToProductsPage</span>
                <span class="method-start">245545 ms</span>
              </div> <!-- configuration-method before -->
              <div class="test-method">
                <span class="method-name">verifyProductListIsDisplayed</span>
                <span class="method-start">251615 ms</span>
              </div> <!-- test-method -->
              <div class="configuration-method after">
                <span class="method-name">tearDown</span>
                <span class="method-start">253753 ms</span>
              </div> <!-- configuration-method after -->
              <div class="configuration-method before">
                <span class="method-name">setUp</span>
                <span class="method-start">254282 ms</span>
              </div> <!-- configuration-method before -->
              <div class="configuration-method before">
                <span class="method-name">loginAndGoToProductsPage</span>
                <span class="method-start">257248 ms</span>
              </div> <!-- configuration-method before -->
              <div class="test-method">
                <span class="method-name">verifySearchFiltersProducts</span>
                <span class="method-start">264506 ms</span>
              </div> <!-- test-method -->
              <div class="configuration-method after">
                <span class="method-name">tearDown</span>
                <span class="method-start">283787 ms</span>
              </div> <!-- configuration-method after -->
            </div> <!-- chronological-class -->
            <div class="chronological-class">
              <div class="chronological-class-name">com.testhive.tests.ProductDetailTests</div> <!-- chronological-class-name -->
              <div class="configuration-method before">
                <span class="method-name">setUp</span>
                <span class="method-start">284367 ms</span>
              </div> <!-- configuration-method before -->
              <div class="configuration-method before">
                <span class="method-name">setupProductDetailPage</span>
                <span class="method-start">287261 ms</span>
              </div> <!-- configuration-method before -->
              <div class="test-method">
                <span class="method-name">verifyBackButtonNavigation</span>
                <span class="method-start">295849 ms</span>
              </div> <!-- test-method -->
              <div class="configuration-method after">
                <span class="method-name">tearDown</span>
                <span class="method-start">297558 ms</span>
              </div> <!-- configuration-method after -->
              <div class="configuration-method before">
                <span class="method-name">setUp</span>
                <span class="method-start">298085 ms</span>
              </div> <!-- configuration-method before -->
              <div class="configuration-method before">
                <span class="method-name">setupProductDetailPage</span>
                <span class="method-start">301061 ms</span>
              </div> <!-- configuration-method before -->
              <div class="test-method">
                <img src="failed.png">
                </img>
                <span class="method-name">verifyProductDetails</span>
                <span class="method-start">309154 ms</span>
              </div> <!-- test-method -->
              <div class="configuration-method after">
                <span class="method-name">tearDown</span>
                <span class="method-start">325065 ms</span>
              </div> <!-- configuration-method after -->
            </div> <!-- chronological-class -->
            <div class="chronological-class">
              <div class="chronological-class-name">com.testhive.tests.CartTests</div> <!-- chronological-class-name -->
              <div class="configuration-method before">
                <span class="method-name">setUp</span>
                <span class="method-start">325632 ms</span>
              </div> <!-- configuration-method before -->
              <div class="configuration-method before">
                <span class="method-name">setupCartTests</span>
                <span class="method-start">328675 ms</span>
              </div> <!-- configuration-method before -->
              <div class="test-method">
                <img src="failed.png">
                </img>
                <span class="method-name">verifyCartQuantityControls</span>
                <span class="method-start">334784 ms</span>
              </div> <!-- test-method -->
              <div class="configuration-method after">
                <span class="method-name">tearDown</span>
                <span class="method-start">339171 ms</span>
              </div> <!-- configuration-method after -->
              <div class="configuration-method before">
                <span class="method-name">setUp</span>
                <span class="method-start">339724 ms</span>
              </div> <!-- configuration-method before -->
              <div class="configuration-method before">
                <span class="method-name">setupCartTests</span>
                <span class="method-start">342585 ms</span>
              </div> <!-- configuration-method before -->
              <div class="test-method">
                <img src="failed.png">
                </img>
                <span class="method-name">verifyEmptyCartMessage</span>
                <span class="method-start">348658 ms</span>
              </div> <!-- test-method -->
              <div class="configuration-method after">
                <span class="method-name">tearDown</span>
                <span class="method-start">366260 ms</span>
              </div> <!-- configuration-method after -->
              <div class="configuration-method before">
                <span class="method-name">setUp</span>
                <span class="method-start">366716 ms</span>
              </div> <!-- configuration-method before -->
              <div class="configuration-method before">
                <span class="method-name">setupCartTests</span>
                <span class="method-start">369573 ms</span>
              </div> <!-- configuration-method before -->
              <div class="test-method">
                <img src="failed.png">
                </img>
                <span class="method-name">verifyGrandTotal</span>
                <span class="method-start">375688 ms</span>
              </div> <!-- test-method -->
              <div class="configuration-method after">
                <span class="method-name">tearDown</span>
                <span class="method-start">379794 ms</span>
              </div> <!-- configuration-method after -->
              <div class="configuration-method before">
                <span class="method-name">setUp</span>
                <span class="method-start">380256 ms</span>
              </div> <!-- configuration-method before -->
              <div class="configuration-method before">
                <span class="method-name">setupCartTests</span>
                <span class="method-start">383132 ms</span>
              </div> <!-- configuration-method before -->
              <div class="test-method">
                <span class="method-name">verifyItemsListedInCart</span>
                <span class="method-start">389165 ms</span>
              </div> <!-- test-method -->
              <div class="configuration-method after">
                <span class="method-name">tearDown</span>
                <span class="method-start">393327 ms</span>
              </div> <!-- configuration-method after -->
              <div class="configuration-method before">
                <span class="method-name">setUp</span>
                <span class="method-start">393857 ms</span>
              </div> <!-- configuration-method before -->
              <div class="configuration-method before">
                <span class="method-name">setupCartTests</span>
                <span class="method-start">396739 ms</span>
              </div> <!-- configuration-method before -->
              <div class="test-method">
                <img src="failed.png">
                </img>
                <span class="method-name">verifyLineItemTotal</span>
                <span class="method-start">403722 ms</span>
              </div> <!-- test-method -->
              <div class="configuration-method after">
                <span class="method-name">tearDown</span>
                <span class="method-start">408130 ms</span>
              </div> <!-- configuration-method after -->
              <div class="configuration-method before">
                <span class="method-name">setUp</span>
                <span class="method-start">408667 ms</span>
              </div> <!-- configuration-method before -->
              <div class="configuration-method before">
                <span class="method-name">setupCartTests</span>
                <span class="method-start">411634 ms</span>
              </div> <!-- configuration-method before -->
              <div class="test-method">
                <img src="failed.png">
                </img>
                <span class="method-name">verifyNavigationToCheckout</span>
                <span class="method-start">417779 ms</span>
              </div> <!-- test-method -->
              <div class="configuration-method after">
                <span class="method-name">tearDown</span>
                <span class="method-start">432951 ms</span>
              </div> <!-- configuration-method after -->
            </div> <!-- chronological-class -->
            <div class="chronological-class">
              <div class="chronological-class-name">com.testhive.tests.CheckoutTests</div> <!-- chronological-class-name -->
              <div class="configuration-method before">
                <span class="method-name">setUp</span>
                <span class="method-start">433441 ms</span>
              </div> <!-- configuration-method before -->
              <div class="configuration-method before">
                <span class="method-name">setupCheckoutTests</span>
                <span class="method-start">436349 ms</span>
              </div> <!-- configuration-method before -->
              <div class="test-method">
                <img src="failed.png">
                </img>
                <span class="method-name">verifyBackToHomeClearsCart</span>
                <span class="method-start">445256 ms</span>
              </div> <!-- test-method -->
              <div class="configuration-method after">
                <span class="method-name">tearDown</span>
                <span class="method-start">468549 ms</span>
              </div> <!-- configuration-method after -->
              <div class="configuration-method before">
                <span class="method-name">setUp</span>
                <span class="method-start">469073 ms</span>
              </div> <!-- configuration-method before -->
              <div class="configuration-method before">
                <span class="method-name">setupCheckoutTests</span>
                <span class="method-start">472130 ms</span>
              </div> <!-- configuration-method before -->
              <div class="test-method">
                <span class="method-name">verifyNextButtonIsDisabledForIncompleteAddress</span>
                <span class="method-start">481267 ms</span>
              </div> <!-- test-method -->
              <div class="configuration-method after">
                <span class="method-name">tearDown</span>
                <span class="method-start">485529 ms</span>
              </div> <!-- configuration-method after -->
              <div class="configuration-method before">
                <span class="method-name">setUp</span>
                <span class="method-start">486073 ms</span>
              </div> <!-- configuration-method before -->
              <div class="configuration-method before">
                <span class="method-name">setupCheckoutTests</span>
                <span class="method-start">489062 ms</span>
              </div> <!-- configuration-method before -->
              <div class="test-method">
                <span class="method-name">verifyPayNowButtonIsDisabledForIncompletePayment</span>
                <span class="method-start">498085 ms</span>
              </div> <!-- test-method -->
              <div class="configuration-method after">
                <span class="method-name">tearDown</span>
                <span class="method-start">504311 ms</span>
              </div> <!-- configuration-method after -->
              <div class="configuration-method before">
                <span class="method-name">setUp</span>
                <span class="method-start">504866 ms</span>
              </div> <!-- configuration-method before -->
              <div class="configuration-method before">
                <span class="method-name">setupCheckoutTests</span>
                <span class="method-start">507761 ms</span>
              </div> <!-- configuration-method before -->
              <div class="test-method">
                <span class="method-name">verifySuccessfulCheckoutFlow</span>
                <span class="method-start">517290 ms</span>
              </div> <!-- test-method -->
              <div class="configuration-method after">
                <span class="method-name">tearDown</span>
                <span class="method-start">524375 ms</span>
              </div> <!-- configuration-method after -->
          </div> <!-- main-panel-content rounded-window-bottom -->
        </div> <!-- panel -->
      </div> <!-- main-panel-root -->
    </div> <!-- wrapper -->
  </body>
<script type="text/javascript" src="testng-reports2.js"></script>
</html>
