<?xml version="1.0" encoding="UTF-8"?>
<!-- Generated by org.testng.reporters.JUnitXMLReporter -->
<testsuite ignored="0" hostname="oms-MacBook-Pro.local" failures="11" tests="31" name="All Tests" time="524.952" errors="0" timestamp="2025-07-08T03:20:54 IST">
  <testcase classname="com.testhive.tests.SplashTests" name="verifyNavigationToLogin" time="2.773"/>
  <testcase classname="com.testhive.tests.SplashTests" name="verifySplashScreenContent" time="0.919"/>
  <testcase classname="com.testhive.tests.SplashTests" name="verifySplashScreenIsDisplayed" time="0.627"/>
  <testcase classname="com.testhive.tests.LoginTests" name="emptyCredentials" time="3.602">
    <failure type="java.lang.AssertionError" message="Error message for empty credentials was not displayed or was incorrect. expected [Invalid username or password] but found [Username is required]">
      <![CDATA[java.lang.AssertionError: Error message for empty credentials was not displayed or was incorrect. expected [Invalid username or password] but found [Username is required]
at com.testhive.tests.LoginTests.emptyCredentials(LoginTests.java:36)
at java.base/java.util.ArrayList.forEach(ArrayList.java:1604)
... Removed 34 stack frames]]>
    </failure>
  </testcase> <!-- emptyCredentials -->
  <testcase classname="com.testhive.tests.LoginTests" name="errorMessageDisappearsOnTyping" time="23.646"/>
  <testcase classname="com.testhive.tests.LoginTests" name="invalidPassword" time="7.858"/>
  <testcase classname="com.testhive.tests.LoginTests" name="invalidUsername" time="7.809"/>
  <testcase classname="com.testhive.tests.LoginTests" name="passwordFieldIsMasked" time="2.738"/>
  <testcase classname="com.testhive.tests.LoginTests" name="successfulLogin" time="8.047"/>
  <testcase classname="com.testhive.tests.LoginTests" name="verifyLogoutFunctionality" time="23.144">
    <failure type="org.openqa.selenium.TimeoutException" message="Expected condition failed: waiting for visibility of element located by By.xpath: //android.widget.Button[@text=&amp;apos;Logout&amp;apos;] (tried for 5 second(s) with 500 milliseconds interval)
Build info: version: &amp;apos;4.23.0&amp;apos;, revision: &amp;apos;4df0a231af&amp;apos;
System info: os.name: &amp;apos;Mac OS X&amp;apos;, os.arch: &amp;apos;aarch64&amp;apos;, os.version: &amp;apos;15.5&amp;apos;, java.version: &amp;apos;24.0.1&amp;apos;
Driver info: io.appium.java_client.android.AndroidDriver
Capabilities {appium:appActivity: .MainActivity, appium:appPackage: com.testhiveapp, appium:automationName: UiAutomator2, appium:databaseEnabled: false, appium:desired: {appActivity: .MainActivity, appPackage: com.testhiveapp, automationName: UiAutomator2, platformName: ANDROID}, appium:deviceApiLevel: 33, appium:deviceManufacturer: Google, appium:deviceModel: Pixel 4a, appium:deviceName: 11171JEC200939, appium:deviceScreenDensity: 440, appium:deviceScreenSize: 1080x2340, appium:deviceUDID: 11171JEC200939, appium:javascriptEnabled: true, appium:locationContextEnabled: false, appium:networkConnectionEnabled: true, appium:pixelRatio: 2.75, appium:platformVersion: 13, appium:statBarHeight: 136, appium:takesScreenshot: true, appium:viewportRect: {height: 2204, left: 0, top: 136, width: 1080}, appium:warnings: {}, appium:webStorageEnabled: false, platformName: ANDROID}
Session ID: d9b8e1e9-b2b0-4aa5-82b6-5972c200b210">
      <![CDATA[org.openqa.selenium.TimeoutException: Expected condition failed: waiting for visibility of element located by By.xpath: //android.widget.Button[@text='Logout'] (tried for 5 second(s) with 500 milliseconds interval)
Build info: version: '4.23.0', revision: '4df0a231af'
System info: os.name: 'Mac OS X', os.arch: 'aarch64', os.version: '15.5', java.version: '24.0.1'
Driver info: io.appium.java_client.android.AndroidDriver
Capabilities {appium:appActivity: .MainActivity, appium:appPackage: com.testhiveapp, appium:automationName: UiAutomator2, appium:databaseEnabled: false, appium:desired: {appActivity: .MainActivity, appPackage: com.testhiveapp, automationName: UiAutomator2, platformName: ANDROID}, appium:deviceApiLevel: 33, appium:deviceManufacturer: Google, appium:deviceModel: Pixel 4a, appium:deviceName: 11171JEC200939, appium:deviceScreenDensity: 440, appium:deviceScreenSize: 1080x2340, appium:deviceUDID: 11171JEC200939, appium:javascriptEnabled: true, appium:locationContextEnabled: false, appium:networkConnectionEnabled: true, appium:pixelRatio: 2.75, appium:platformVersion: 13, appium:statBarHeight: 136, appium:takesScreenshot: true, appium:viewportRect: {height: 2204, left: 0, top: 136, width: 1080}, appium:warnings: {}, appium:webStorageEnabled: false, platformName: ANDROID}
Session ID: d9b8e1e9-b2b0-4aa5-82b6-5972c200b210
at org.openqa.selenium.support.ui.WebDriverWait.timeoutException(WebDriverWait.java:84)
at org.openqa.selenium.support.ui.FluentWait.until(FluentWait.java:228)
at com.testhive.pages.ProductsPage.logout(ProductsPage.java:127)
at com.testhive.tests.LoginTests.verifyLogoutFunctionality(LoginTests.java:66)
at java.base/java.util.ArrayList.forEach(ArrayList.java:1604)
... Removed 29 stack frames]]>
    </failure>
  </testcase> <!-- verifyLogoutFunctionality -->
  <testcase classname="com.testhive.tests.ProductTests" name="verifyAddToCartButtonChanges" time="2.607"/>
  <testcase classname="com.testhive.tests.ProductTests" name="verifyCartBadgeUpdates" time="17.417"/>
  <testcase classname="com.testhive.tests.ProductTests" name="verifyDecreaseQuantity" time="15.2">
    <failure type="org.openqa.selenium.NoSuchElementException" message="An element could not be located on the page using the given search parameters.
For documentation on this error, please visit: https://www.selenium.dev/documentation/webdriver/troubleshooting/errors#no-such-element-exception
Build info: version: &amp;apos;4.23.0&amp;apos;, revision: &amp;apos;4df0a231af&amp;apos;
System info: os.name: &amp;apos;Mac OS X&amp;apos;, os.arch: &amp;apos;aarch64&amp;apos;, os.version: &amp;apos;15.5&amp;apos;, java.version: &amp;apos;24.0.1&amp;apos;
Driver info: io.appium.java_client.android.AndroidDriver
Command: [305f78b6-a6a4-4338-bd3c-1f3addfaaf30, findElement {value=add-to-cart-button-Jest, using=accessibility id}]
Capabilities {appium:appActivity: .MainActivity, appium:appPackage: com.testhiveapp, appium:automationName: UiAutomator2, appium:databaseEnabled: false, appium:desired: {appActivity: .MainActivity, appPackage: com.testhiveapp, automationName: UiAutomator2, platformName: ANDROID}, appium:deviceApiLevel: 33, appium:deviceManufacturer: Google, appium:deviceModel: Pixel 4a, appium:deviceName: 11171JEC200939, appium:deviceScreenDensity: 440, appium:deviceScreenSize: 1080x2340, appium:deviceUDID: 11171JEC200939, appium:javascriptEnabled: true, appium:locationContextEnabled: false, appium:networkConnectionEnabled: true, appium:pixelRatio: 2.75, appium:platformVersion: 13, appium:statBarHeight: 136, appium:takesScreenshot: true, appium:viewportRect: {height: 2204, left: 0, top: 136, width: 1080}, appium:warnings: {}, appium:webStorageEnabled: false, platformName: ANDROID}
Session ID: 305f78b6-a6a4-4338-bd3c-1f3addfaaf30">
      <![CDATA[org.openqa.selenium.NoSuchElementException: An element could not be located on the page using the given search parameters.
For documentation on this error, please visit: https://www.selenium.dev/documentation/webdriver/troubleshooting/errors#no-such-element-exception
Build info: version: '4.23.0', revision: '4df0a231af'
System info: os.name: 'Mac OS X', os.arch: 'aarch64', os.version: '15.5', java.version: '24.0.1'
Driver info: io.appium.java_client.android.AndroidDriver
Command: [305f78b6-a6a4-4338-bd3c-1f3addfaaf30, findElement {value=add-to-cart-button-Jest, using=accessibility id}]
Capabilities {appium:appActivity: .MainActivity, appium:appPackage: com.testhiveapp, appium:automationName: UiAutomator2, appium:databaseEnabled: false, appium:desired: {appActivity: .MainActivity, appPackage: com.testhiveapp, automationName: UiAutomator2, platformName: ANDROID}, appium:deviceApiLevel: 33, appium:deviceManufacturer: Google, appium:deviceModel: Pixel 4a, appium:deviceName: 11171JEC200939, appium:deviceScreenDensity: 440, appium:deviceScreenSize: 1080x2340, appium:deviceUDID: 11171JEC200939, appium:javascriptEnabled: true, appium:locationContextEnabled: false, appium:networkConnectionEnabled: true, appium:pixelRatio: 2.75, appium:platformVersion: 13, appium:statBarHeight: 136, appium:takesScreenshot: true, appium:viewportRect: {height: 2204, left: 0, top: 136, width: 1080}, appium:warnings: {}, appium:webStorageEnabled: false, platformName: ANDROID}
Session ID: 305f78b6-a6a4-4338-bd3c-1f3addfaaf30
at org.openqa.selenium.remote.ErrorCodec.decode(ErrorCodec.java:167)
at org.openqa.selenium.remote.codec.w3c.W3CHttpResponseCodec.decode(W3CHttpResponseCodec.java:138)
at org.openqa.selenium.remote.codec.w3c.W3CHttpResponseCodec.decode(W3CHttpResponseCodec.java:50)
at org.openqa.selenium.remote.HttpCommandExecutor.execute(HttpCommandExecutor.java:190)
at io.appium.java_client.remote.AppiumCommandExecutor.execute(AppiumCommandExecutor.java:237)
at org.openqa.selenium.remote.RemoteWebDriver.execute(RemoteWebDriver.java:527)
at org.openqa.selenium.remote.ElementLocation$ElementFinder$2.findElement(ElementLocation.java:165)
at org.openqa.selenium.remote.ElementLocation.findElement(ElementLocation.java:59)
at org.openqa.selenium.remote.RemoteWebDriver.findElement(RemoteWebDriver.java:357)
at org.openqa.selenium.remote.RemoteWebDriver.findElement(RemoteWebDriver.java:351)
at com.testhive.pages.ProductsPage.clickAddButton(ProductsPage.java:38)
at com.testhive.tests.ProductTests.verifyDecreaseQuantity(ProductTests.java:68)
at java.base/java.util.ArrayList.forEach(ArrayList.java:1604)
... Removed 32 stack frames]]>
    </failure>
  </testcase> <!-- verifyDecreaseQuantity -->
  <testcase classname="com.testhive.tests.ProductTests" name="verifyIncreaseQuantity" time="15.126">
    <failure type="org.openqa.selenium.NoSuchElementException" message="An element could not be located on the page using the given search parameters.
For documentation on this error, please visit: https://www.selenium.dev/documentation/webdriver/troubleshooting/errors#no-such-element-exception
Build info: version: &amp;apos;4.23.0&amp;apos;, revision: &amp;apos;4df0a231af&amp;apos;
System info: os.name: &amp;apos;Mac OS X&amp;apos;, os.arch: &amp;apos;aarch64&amp;apos;, os.version: &amp;apos;15.5&amp;apos;, java.version: &amp;apos;24.0.1&amp;apos;
Driver info: io.appium.java_client.android.AndroidDriver
Command: [45c2789e-9d3f-4abd-bcb7-6a4914a28e9c, findElement {value=add-to-cart-button-Playwright, using=accessibility id}]
Capabilities {appium:appActivity: .MainActivity, appium:appPackage: com.testhiveapp, appium:automationName: UiAutomator2, appium:databaseEnabled: false, appium:desired: {appActivity: .MainActivity, appPackage: com.testhiveapp, automationName: UiAutomator2, platformName: ANDROID}, appium:deviceApiLevel: 33, appium:deviceManufacturer: Google, appium:deviceModel: Pixel 4a, appium:deviceName: 11171JEC200939, appium:deviceScreenDensity: 440, appium:deviceScreenSize: 1080x2340, appium:deviceUDID: 11171JEC200939, appium:javascriptEnabled: true, appium:locationContextEnabled: false, appium:networkConnectionEnabled: true, appium:pixelRatio: 2.75, appium:platformVersion: 13, appium:statBarHeight: 136, appium:takesScreenshot: true, appium:viewportRect: {height: 2204, left: 0, top: 136, width: 1080}, appium:warnings: {}, appium:webStorageEnabled: false, platformName: ANDROID}
Session ID: 45c2789e-9d3f-4abd-bcb7-6a4914a28e9c">
      <![CDATA[org.openqa.selenium.NoSuchElementException: An element could not be located on the page using the given search parameters.
For documentation on this error, please visit: https://www.selenium.dev/documentation/webdriver/troubleshooting/errors#no-such-element-exception
Build info: version: '4.23.0', revision: '4df0a231af'
System info: os.name: 'Mac OS X', os.arch: 'aarch64', os.version: '15.5', java.version: '24.0.1'
Driver info: io.appium.java_client.android.AndroidDriver
Command: [45c2789e-9d3f-4abd-bcb7-6a4914a28e9c, findElement {value=add-to-cart-button-Playwright, using=accessibility id}]
Capabilities {appium:appActivity: .MainActivity, appium:appPackage: com.testhiveapp, appium:automationName: UiAutomator2, appium:databaseEnabled: false, appium:desired: {appActivity: .MainActivity, appPackage: com.testhiveapp, automationName: UiAutomator2, platformName: ANDROID}, appium:deviceApiLevel: 33, appium:deviceManufacturer: Google, appium:deviceModel: Pixel 4a, appium:deviceName: 11171JEC200939, appium:deviceScreenDensity: 440, appium:deviceScreenSize: 1080x2340, appium:deviceUDID: 11171JEC200939, appium:javascriptEnabled: true, appium:locationContextEnabled: false, appium:networkConnectionEnabled: true, appium:pixelRatio: 2.75, appium:platformVersion: 13, appium:statBarHeight: 136, appium:takesScreenshot: true, appium:viewportRect: {height: 2204, left: 0, top: 136, width: 1080}, appium:warnings: {}, appium:webStorageEnabled: false, platformName: ANDROID}
Session ID: 45c2789e-9d3f-4abd-bcb7-6a4914a28e9c
at org.openqa.selenium.remote.ErrorCodec.decode(ErrorCodec.java:167)
at org.openqa.selenium.remote.codec.w3c.W3CHttpResponseCodec.decode(W3CHttpResponseCodec.java:138)
at org.openqa.selenium.remote.codec.w3c.W3CHttpResponseCodec.decode(W3CHttpResponseCodec.java:50)
at org.openqa.selenium.remote.HttpCommandExecutor.execute(HttpCommandExecutor.java:190)
at io.appium.java_client.remote.AppiumCommandExecutor.execute(AppiumCommandExecutor.java:237)
at org.openqa.selenium.remote.RemoteWebDriver.execute(RemoteWebDriver.java:527)
at org.openqa.selenium.remote.ElementLocation$ElementFinder$2.findElement(ElementLocation.java:165)
at org.openqa.selenium.remote.ElementLocation.findElement(ElementLocation.java:59)
at org.openqa.selenium.remote.RemoteWebDriver.findElement(RemoteWebDriver.java:357)
at org.openqa.selenium.remote.RemoteWebDriver.findElement(RemoteWebDriver.java:351)
at com.testhive.pages.ProductsPage.clickAddButton(ProductsPage.java:38)
at com.testhive.tests.ProductTests.verifyIncreaseQuantity(ProductTests.java:60)
at java.base/java.util.ArrayList.forEach(ArrayList.java:1604)
... Removed 32 stack frames]]>
    </failure>
  </testcase> <!-- verifyIncreaseQuantity -->
  <testcase classname="com.testhive.tests.ProductTests" name="verifyNavigationToCart" time="2.598"/>
  <testcase classname="com.testhive.tests.ProductTests" name="verifyNavigationToProductDetail" time="2.672"/>
  <testcase classname="com.testhive.tests.ProductTests" name="verifyNoProductsFoundMessage" time="3.855"/>
  <testcase classname="com.testhive.tests.ProductTests" name="verifyProductListIsDisplayed" time="2.137"/>
  <testcase classname="com.testhive.tests.ProductTests" name="verifySearchFiltersProducts" time="19.279"/>
  <testcase classname="com.testhive.tests.ProductDetailTests" name="verifyBackButtonNavigation" time="1.709"/>
  <testcase classname="com.testhive.tests.ProductDetailTests" name="verifyProductDetails" time="15.91">
    <failure type="java.lang.AssertionError" message="Product name is incorrect. expected [Maestro] but found [Product name not found.]">
      <![CDATA[java.lang.AssertionError: Product name is incorrect. expected [Maestro] but found [Product name not found.]
at com.testhive.tests.ProductDetailTests.verifyProductDetails(ProductDetailTests.java:29)
at java.base/java.util.ArrayList.forEach(ArrayList.java:1604)
... Removed 34 stack frames]]>
    </failure>
  </testcase> <!-- verifyProductDetails -->
  <testcase classname="com.testhive.tests.CartTests" name="verifyCartQuantityControls" time="4.385">
    <failure type="java.lang.AssertionError" message="Grand total did not update after increasing quantity. expected [Total: $16.20] but found [$16.20]">
      <![CDATA[java.lang.AssertionError: Grand total did not update after increasing quantity. expected [Total: $16.20] but found [$16.20]
at com.testhive.tests.CartTests.verifyCartQuantityControls(CartTests.java:59)
at java.base/java.util.ArrayList.forEach(ArrayList.java:1604)
... Removed 34 stack frames]]>
    </failure>
  </testcase> <!-- verifyCartQuantityControls -->
  <testcase classname="com.testhive.tests.CartTests" name="verifyEmptyCartMessage" time="17.601">
    <failure type="java.lang.AssertionError" message="&amp;apos;Your cart is empty&amp;apos; message was not displayed. expected [true] but found [false]">
      <![CDATA[java.lang.AssertionError: 'Your cart is empty' message was not displayed. expected [true] but found [false]
at com.testhive.tests.CartTests.verifyEmptyCartMessage(CartTests.java:71)
at java.base/java.util.ArrayList.forEach(ArrayList.java:1604)
... Removed 32 stack frames]]>
    </failure>
  </testcase> <!-- verifyEmptyCartMessage -->
  <testcase classname="com.testhive.tests.CartTests" name="verifyGrandTotal" time="4.105">
    <failure type="java.lang.AssertionError" message="Grand total is incorrect. expected [Total: $13.49] but found [$13.49]">
      <![CDATA[java.lang.AssertionError: Grand total is incorrect. expected [Total: $13.49] but found [$13.49]
at com.testhive.tests.CartTests.verifyGrandTotal(CartTests.java:48)
at java.base/java.util.ArrayList.forEach(ArrayList.java:1604)
... Removed 34 stack frames]]>
    </failure>
  </testcase> <!-- verifyGrandTotal -->
  <testcase classname="com.testhive.tests.CartTests" name="verifyItemsListedInCart" time="4.162"/>
  <testcase classname="com.testhive.tests.CartTests" name="verifyLineItemTotal" time="4.407">
    <failure type="java.lang.AssertionError" message="Appium line item total is incorrect. expected [$7.50 x 2 = $15.00] but found [Mobile Testing]">
      <![CDATA[java.lang.AssertionError: Appium line item total is incorrect. expected [$7.50 x 2 = $15.00] but found [Mobile Testing]
at com.testhive.tests.CartTests.verifyLineItemTotal(CartTests.java:39)
at java.base/java.util.ArrayList.forEach(ArrayList.java:1604)
... Removed 34 stack frames]]>
    </failure>
  </testcase> <!-- verifyLineItemTotal -->
  <testcase classname="com.testhive.tests.CartTests" name="verifyNavigationToCheckout" time="15.17">
    <failure type="org.openqa.selenium.NoSuchElementException" message="An element could not be located on the page using the given search parameters.
For documentation on this error, please visit: https://www.selenium.dev/documentation/webdriver/troubleshooting/errors#no-such-element-exception
Build info: version: &amp;apos;4.23.0&amp;apos;, revision: &amp;apos;4df0a231af&amp;apos;
System info: os.name: &amp;apos;Mac OS X&amp;apos;, os.arch: &amp;apos;aarch64&amp;apos;, os.version: &amp;apos;15.5&amp;apos;, java.version: &amp;apos;24.0.1&amp;apos;
Driver info: io.appium.java_client.android.AndroidDriver
Command: [f040cfd9-8767-4de8-9c63-72470966a740, findElement {value=add-to-cart-button-TestNG, using=accessibility id}]
Capabilities {appium:appActivity: .MainActivity, appium:appPackage: com.testhiveapp, appium:automationName: UiAutomator2, appium:databaseEnabled: false, appium:desired: {appActivity: .MainActivity, appPackage: com.testhiveapp, automationName: UiAutomator2, platformName: ANDROID}, appium:deviceApiLevel: 33, appium:deviceManufacturer: Google, appium:deviceModel: Pixel 4a, appium:deviceName: 11171JEC200939, appium:deviceScreenDensity: 440, appium:deviceScreenSize: 1080x2340, appium:deviceUDID: 11171JEC200939, appium:javascriptEnabled: true, appium:locationContextEnabled: false, appium:networkConnectionEnabled: true, appium:pixelRatio: 2.75, appium:platformVersion: 13, appium:statBarHeight: 136, appium:takesScreenshot: true, appium:viewportRect: {height: 2204, left: 0, top: 136, width: 1080}, appium:warnings: {}, appium:webStorageEnabled: false, platformName: ANDROID}
Session ID: f040cfd9-8767-4de8-9c63-72470966a740">
      <![CDATA[org.openqa.selenium.NoSuchElementException: An element could not be located on the page using the given search parameters.
For documentation on this error, please visit: https://www.selenium.dev/documentation/webdriver/troubleshooting/errors#no-such-element-exception
Build info: version: '4.23.0', revision: '4df0a231af'
System info: os.name: 'Mac OS X', os.arch: 'aarch64', os.version: '15.5', java.version: '24.0.1'
Driver info: io.appium.java_client.android.AndroidDriver
Command: [f040cfd9-8767-4de8-9c63-72470966a740, findElement {value=add-to-cart-button-TestNG, using=accessibility id}]
Capabilities {appium:appActivity: .MainActivity, appium:appPackage: com.testhiveapp, appium:automationName: UiAutomator2, appium:databaseEnabled: false, appium:desired: {appActivity: .MainActivity, appPackage: com.testhiveapp, automationName: UiAutomator2, platformName: ANDROID}, appium:deviceApiLevel: 33, appium:deviceManufacturer: Google, appium:deviceModel: Pixel 4a, appium:deviceName: 11171JEC200939, appium:deviceScreenDensity: 440, appium:deviceScreenSize: 1080x2340, appium:deviceUDID: 11171JEC200939, appium:javascriptEnabled: true, appium:locationContextEnabled: false, appium:networkConnectionEnabled: true, appium:pixelRatio: 2.75, appium:platformVersion: 13, appium:statBarHeight: 136, appium:takesScreenshot: true, appium:viewportRect: {height: 2204, left: 0, top: 136, width: 1080}, appium:warnings: {}, appium:webStorageEnabled: false, platformName: ANDROID}
Session ID: f040cfd9-8767-4de8-9c63-72470966a740
at org.openqa.selenium.remote.ErrorCodec.decode(ErrorCodec.java:167)
at org.openqa.selenium.remote.codec.w3c.W3CHttpResponseCodec.decode(W3CHttpResponseCodec.java:138)
at org.openqa.selenium.remote.codec.w3c.W3CHttpResponseCodec.decode(W3CHttpResponseCodec.java:50)
at org.openqa.selenium.remote.HttpCommandExecutor.execute(HttpCommandExecutor.java:190)
at io.appium.java_client.remote.AppiumCommandExecutor.execute(AppiumCommandExecutor.java:237)
at org.openqa.selenium.remote.RemoteWebDriver.execute(RemoteWebDriver.java:527)
at org.openqa.selenium.remote.ElementLocation$ElementFinder$2.findElement(ElementLocation.java:165)
at org.openqa.selenium.remote.ElementLocation.findElement(ElementLocation.java:59)
at org.openqa.selenium.remote.RemoteWebDriver.findElement(RemoteWebDriver.java:357)
at org.openqa.selenium.remote.RemoteWebDriver.findElement(RemoteWebDriver.java:351)
at com.testhive.pages.ProductsPage.clickAddButton(ProductsPage.java:38)
at com.testhive.tests.CartTests.verifyNavigationToCheckout(CartTests.java:76)
at java.base/java.util.ArrayList.forEach(ArrayList.java:1604)
... Removed 32 stack frames]]>
    </failure>
  </testcase> <!-- verifyNavigationToCheckout -->
  <testcase classname="com.testhive.tests.CheckoutTests" name="verifyBackToHomeClearsCart" time="23.292">
    <failure type="java.lang.AssertionError" message="Cart was not empty after completing an order. expected [true] but found [false]">
      <![CDATA[java.lang.AssertionError: Cart was not empty after completing an order. expected [true] but found [false]
at com.testhive.tests.CheckoutTests.verifyBackToHomeClearsCart(CheckoutTests.java:83)
at java.base/java.util.ArrayList.forEach(ArrayList.java:1604)
... Removed 32 stack frames]]>
    </failure>
  </testcase> <!-- verifyBackToHomeClearsCart -->
  <testcase classname="com.testhive.tests.CheckoutTests" name="verifyNextButtonIsDisabledForIncompleteAddress" time="4.261"/>
  <testcase classname="com.testhive.tests.CheckoutTests" name="verifyPayNowButtonIsDisabledForIncompletePayment" time="6.226"/>
  <testcase classname="com.testhive.tests.CheckoutTests" name="verifySuccessfulCheckoutFlow" time="7.084"/>
</testsuite> <!-- All Tests -->
